This is pdfTeX, Version 3.14159265-2.6-1.40.21 (TeX Live 2020/Arch Linux) (preloaded format=pdflatex 2020.12.23)  29 DEC 2020 01:52
entering extended mode
 restricted \write18 enabled.
 %&-line parsing enabled.
**Principal.tex
(./Principal.tex
LaTeX2e <2020-10-01> patch level 2
L3 programming layer <2020-12-03> xparse <2020-03-03> (./prefix.tex
(/usr/share/texmf-dist/tex/latex/base/book.cls
Document Class: book 2020/04/10 v1.4m Standard LaTeX document class
(/usr/share/texmf-dist/tex/latex/base/bk10.clo
File: bk10.clo 2020/04/10 v1.4m Standard LaTeX file (size option)
)
\c@part=\count177
\c@chapter=\count178
\c@section=\count179
\c@subsection=\count180
\c@subsubsection=\count181
\c@paragraph=\count182
\c@subparagraph=\count183
\c@figure=\count184
\c@table=\count185
\abovecaptionskip=\skip47
\belowcaptionskip=\skip48
\bibindent=\dimen138
)
(/usr/share/texmf-dist/tex/latex/geometry/geometry.sty
Package: geometry 2020/01/02 v5.9 Page Geometry

(/usr/share/texmf-dist/tex/latex/graphics/keyval.sty
Package: keyval 2014/10/28 v1.15 key=value parser (DPC)
\KV@toks@=\toks15
)
(/usr/share/texmf-dist/tex/generic/iftex/ifvtex.sty
Package: ifvtex 2019/10/25 v1.7 ifvtex legacy package. Use iftex instead.

(/usr/share/texmf-dist/tex/generic/iftex/iftex.sty
Package: iftex 2020/03/06 v1.0d TeX engine tests
))
\Gm@cnth=\count186
\Gm@cntv=\count187
\c@Gm@tempcnt=\count188
\Gm@bindingoffset=\dimen139
\Gm@wd@mp=\dimen140
\Gm@odd@mp=\dimen141
\Gm@even@mp=\dimen142
\Gm@layoutwidth=\dimen143
\Gm@layoutheight=\dimen144
\Gm@layouthoffset=\dimen145
\Gm@layoutvoffset=\dimen146
\Gm@dimlist=\toks16
)
(/usr/share/texmf-dist/tex/generic/babel/babel.sty
Package: babel 2020/10/27 3.51 The Babel package

(/usr/share/texmf-dist/tex/generic/babel/babel.def
File: babel.def 2020/10/27 3.51 Babel common definitions
\babel@savecnt=\count189
\U@D=\dimen147
\l@babelnohyphens=\language86

(/usr/share/texmf-dist/tex/generic/babel/txtbabel.def)
\bbl@readstream=\read2
)
\bbl@dirlevel=\count190

(/usr/share/texmf-dist/tex/generic/babel-italian/italian.ldf
Language: italian 2020/05/21 v.1.4.04 Italian support for the babel system
\it@lettering=\count191
\it@doublequoteactive=\count192
\it@ISOcompliance=\count193
))
(/usr/share/texmf-dist/tex/latex/etoolbox/etoolbox.sty
Package: etoolbox 2020/10/05 v2.5k e-TeX tools for LaTeX (JAW)
\etb@tempcnta=\count194
)
(/usr/share/texmf-dist/tex/latex/base/inputenc.sty
Package: inputenc 2020/08/01 v1.3d Input encoding file
\inpenc@prehook=\toks17
\inpenc@posthook=\toks18
)
(/usr/share/texmf-dist/tex/latex/base/fontenc.sty
Package: fontenc 2020/08/10 v2.0s Standard LaTeX package
)
(/usr/share/texmf-dist/tex/latex/amsmath/amsmath.sty
Package: amsmath 2020/09/23 v2.17i AMS math features
\@mathmargin=\skip49

For additional information on amsmath, use the `?' option.
(/usr/share/texmf-dist/tex/latex/amsmath/amstext.sty
Package: amstext 2000/06/29 v2.01 AMS text

(/usr/share/texmf-dist/tex/latex/amsmath/amsgen.sty
File: amsgen.sty 1999/11/30 v2.0 generic functions
\@emptytoks=\toks19
\ex@=\dimen148
))
(/usr/share/texmf-dist/tex/latex/amsmath/amsbsy.sty
Package: amsbsy 1999/11/29 v1.2d Bold Symbols
\pmbraise@=\dimen149
)
(/usr/share/texmf-dist/tex/latex/amsmath/amsopn.sty
Package: amsopn 2016/03/08 v2.02 operator names
)
\inf@bad=\count195
LaTeX Info: Redefining \frac on input line 234.
\uproot@=\count196
\leftroot@=\count197
LaTeX Info: Redefining \overline on input line 399.
\classnum@=\count198
\DOTSCASE@=\count199
LaTeX Info: Redefining \ldots on input line 496.
LaTeX Info: Redefining \dots on input line 499.
LaTeX Info: Redefining \cdots on input line 620.
\Mathstrutbox@=\box47
\strutbox@=\box48
\big@size=\dimen150
LaTeX Font Info:    Redeclaring font encoding OML on input line 743.
LaTeX Font Info:    Redeclaring font encoding OMS on input line 744.
\macc@depth=\count266
\c@MaxMatrixCols=\count267
\dotsspace@=\muskip16
\c@parentequation=\count268
\dspbrk@lvl=\count269
\tag@help=\toks20
\row@=\count270
\column@=\count271
\maxfields@=\count272
\andhelp@=\toks21
\eqnshift@=\dimen151
\alignsep@=\dimen152
\tagshift@=\dimen153
\tagwidth@=\dimen154
\totwidth@=\dimen155
\lineht@=\dimen156
\@envbody=\toks22
\multlinegap=\skip50
\multlinetaggap=\skip51
\mathdisplay@stack=\toks23
LaTeX Info: Redefining \[ on input line 2923.
LaTeX Info: Redefining \] on input line 2924.
)
(/usr/share/texmf-dist/tex/latex/listings/listings.sty
\lst@mode=\count273
\lst@gtempboxa=\box49
\lst@token=\toks24
\lst@length=\count274
\lst@currlwidth=\dimen157
\lst@column=\count275
\lst@pos=\count276
\lst@lostspace=\dimen158
\lst@width=\dimen159
\lst@newlines=\count277
\lst@lineno=\count278
\lst@maxwidth=\dimen160

(/usr/share/texmf-dist/tex/latex/listings/lstmisc.sty
File: lstmisc.sty 2020/03/24 1.8d (Carsten Heinz)
\c@lstnumber=\count279
\lst@skipnumbers=\count280
\lst@framebox=\box50
)
(/usr/share/texmf-dist/tex/latex/listings/listings.cfg
File: listings.cfg 2020/03/24 1.8d listings configuration
))
Package: listings 2020/03/24 1.8d (Carsten Heinz)

(/usr/share/texmf-dist/tex/latex/hyperref/hyperref.sty
Package: hyperref 2020-05-15 v7.00e Hypertext links for LaTeX

(/usr/share/texmf-dist/tex/generic/ltxcmds/ltxcmds.sty
Package: ltxcmds 2020-05-10 v1.25 LaTeX kernel commands for general use (HO)
)
(/usr/share/texmf-dist/tex/generic/pdftexcmds/pdftexcmds.sty
Package: pdftexcmds 2020-06-27 v0.33 Utility functions of pdfTeX for LuaTeX (HO
)

(/usr/share/texmf-dist/tex/generic/infwarerr/infwarerr.sty
Package: infwarerr 2019/12/03 v1.5 Providing info/warning/error messages (HO)
)
Package pdftexcmds Info: \pdf@primitive is available.
Package pdftexcmds Info: \pdf@ifprimitive is available.
Package pdftexcmds Info: \pdfdraftmode found.
)
(/usr/share/texmf-dist/tex/generic/kvsetkeys/kvsetkeys.sty
Package: kvsetkeys 2019/12/15 v1.18 Key value parser (HO)
)
(/usr/share/texmf-dist/tex/generic/kvdefinekeys/kvdefinekeys.sty
Package: kvdefinekeys 2019-12-19 v1.6 Define keys (HO)
)
(/usr/share/texmf-dist/tex/generic/pdfescape/pdfescape.sty
Package: pdfescape 2019/12/09 v1.15 Implements pdfTeX's escape features (HO)
)
(/usr/share/texmf-dist/tex/latex/hycolor/hycolor.sty
Package: hycolor 2020-01-27 v1.10 Color options for hyperref/bookmark (HO)
)
(/usr/share/texmf-dist/tex/latex/letltxmacro/letltxmacro.sty
Package: letltxmacro 2019/12/03 v1.6 Let assignment for LaTeX macros (HO)
)
(/usr/share/texmf-dist/tex/latex/auxhook/auxhook.sty
Package: auxhook 2019-12-17 v1.6 Hooks for auxiliary files (HO)
)
(/usr/share/texmf-dist/tex/latex/kvoptions/kvoptions.sty
Package: kvoptions 2020-10-07 v3.14 Key value format for package options (HO)
)
\@linkdim=\dimen161
\Hy@linkcounter=\count281
\Hy@pagecounter=\count282

(/usr/share/texmf-dist/tex/latex/hyperref/pd1enc.def
File: pd1enc.def 2020-05-15 v7.00e Hyperref: PDFDocEncoding definition (HO)
Now handling font encoding PD1 ...
... no UTF-8 mapping file for font encoding PD1
)
(/usr/share/texmf-dist/tex/generic/intcalc/intcalc.sty
Package: intcalc 2019/12/15 v1.3 Expandable calculations with integers (HO)
)
(/usr/share/texmf-dist/tex/generic/etexcmds/etexcmds.sty
Package: etexcmds 2019/12/15 v1.7 Avoid name clashes with e-TeX commands (HO)
)
\Hy@SavedSpaceFactor=\count283
Package hyperref Info: Hyper figures OFF on input line 4464.
Package hyperref Info: Link nesting OFF on input line 4469.
Package hyperref Info: Hyper index ON on input line 4472.
Package hyperref Info: Plain pages OFF on input line 4479.
Package hyperref Info: Backreferencing OFF on input line 4484.
Package hyperref Info: Implicit mode ON; LaTeX internals redefined.
Package hyperref Info: Bookmarks ON on input line 4717.
\c@Hy@tempcnt=\count284

(/usr/share/texmf-dist/tex/latex/url/url.sty
\Urlmuskip=\muskip17
Package: url 2013/09/16  ver 3.4  Verb mode for urls, etc.
)
LaTeX Info: Redefining \url on input line 5076.
\XeTeXLinkMargin=\dimen162

(/usr/share/texmf-dist/tex/generic/bitset/bitset.sty
Package: bitset 2019/12/09 v1.3 Handle bit-vector datatype (HO)

(/usr/share/texmf-dist/tex/generic/bigintcalc/bigintcalc.sty
Package: bigintcalc 2019/12/15 v1.5 Expandable calculations on big integers (HO
)
))
\Fld@menulength=\count285
\Field@Width=\dimen163
\Fld@charsize=\dimen164
Package hyperref Info: Hyper figures OFF on input line 6347.
Package hyperref Info: Link nesting OFF on input line 6352.
Package hyperref Info: Hyper index ON on input line 6355.
Package hyperref Info: backreferencing OFF on input line 6362.
Package hyperref Info: Link coloring OFF on input line 6367.
Package hyperref Info: Link coloring with OCG OFF on input line 6372.
Package hyperref Info: PDF/A mode OFF on input line 6377.
LaTeX Info: Redefining \ref on input line 6417.
LaTeX Info: Redefining \pageref on input line 6421.

(/usr/share/texmf-dist/tex/latex/base/atbegshi-ltx.sty
Package: atbegshi-ltx 2020/08/17 v1.0a Emulation of the original atbegshi packa
ge
with kernel methods
)
\Hy@abspage=\count286
\c@Item=\count287
\c@Hfootnote=\count288
)
Package hyperref Info: Driver (autodetected): hpdftex.

(/usr/share/texmf-dist/tex/latex/hyperref/hpdftex.def
File: hpdftex.def 2020-05-15 v7.00e Hyperref driver for pdfTeX

(/usr/share/texmf-dist/tex/latex/base/atveryend-ltx.sty
Package: atveryend-ltx 2020/08/19 v1.0a Emulation of the original atvery packag
e
with kernel methods
)
\Fld@listcount=\count289
\c@bookmark@seq@number=\count290

(/usr/share/texmf-dist/tex/latex/rerunfilecheck/rerunfilecheck.sty
Package: rerunfilecheck 2019/12/05 v1.9 Rerun checks for auxiliary files (HO)

(/usr/share/texmf-dist/tex/generic/uniquecounter/uniquecounter.sty
Package: uniquecounter 2019/12/15 v1.4 Provide unlimited unique counter (HO)
)
Package uniquecounter Info: New unique counter `rerunfilecheck' on input line 2
86.
)
\Hy@SectionHShift=\skip52
)
(/usr/share/texmf-dist/tex/latex/siunitx/siunitx.sty
(/usr/share/texmf-dist/tex/latex/l3kernel/expl3.sty
Package: expl3 2020-12-03 L3 programming layer (loader) 

(/usr/share/texmf-dist/tex/latex/l3backend/l3backend-pdftex.def
File: l3backend-pdftex.def 2020-09-24 L3 backend support: PDF output (pdfTeX)
\l__kernel_color_stack_int=\count291
\l__pdf_internal_box=\box51
))
(/usr/share/texmf-dist/tex/latex/l3packages/xparse/xparse.sty
Package: xparse 2020-10-27 L3 Experimental document command parser

(/usr/share/texmf-dist/tex/latex/l3packages/xparse/xparse-generic.tex))
Package: siunitx 2020/02/25 v2.8b A comprehensive (SI) units package

(/usr/share/texmf-dist/tex/latex/tools/array.sty
Package: array 2020/10/01 v2.5c Tabular extension package (FMi)
\col@sep=\dimen165
\ar@mcellbox=\box52
\extrarowheight=\dimen166
\NC@list=\toks25
\extratabsurround=\skip53
\backup@length=\skip54
\ar@cellbox=\box53
)
(/usr/share/texmf-dist/tex/latex/l3packages/l3keys2e/l3keys2e.sty
Package: l3keys2e 2020-10-27 LaTeX2e option processing using LaTeX3 keys
)
\l__siunitx_tmp_box=\box54
\l__siunitx_tmp_dim=\dimen167
\l__siunitx_tmp_int=\count292
\l__siunitx_number_mantissa_length_int=\count293
\l__siunitx_number_uncert_length_int=\count294
\l__siunitx_round_int=\count295
\l__siunitx_process_decimal_int=\count296
\l__siunitx_process_uncertainty_int=\count297
\l__siunitx_process_fixed_int=\count298
\l__siunitx_process_integer_min_int=\count299
\l__siunitx_process_precision_int=\count300
\l__siunitx_group_min_int=\count301
\l__siunitx_angle_marker_box=\box55
\l__siunitx_angle_unit_box=\box56
\l__siunitx_angle_marker_dim=\dimen168
\l__siunitx_angle_unit_dim=\dimen169
\l__siunitx_unit_int=\count302
\l__siunitx_unit_denominator_int=\count303
\l__siunitx_unit_numerator_int=\count304
\l__siunitx_unit_prefix_int=\count305
\l__siunitx_unit_prefix_base_int=\count306
\l__siunitx_unit_prefix_gram_int=\count307
\l__siunitx_number_product_int=\count308
\c__siunitx_one_fill_skip=\skip55
\l__siunitx_table_unit_align_skip=\skip56
\l__siunitx_table_exponent_dim=\dimen170
\l__siunitx_table_integer_dim=\dimen171
\l__siunitx_table_mantissa_dim=\dimen172
\l__siunitx_table_marker_dim=\dimen173
\l__siunitx_table_result_dim=\dimen174
\l__siunitx_table_uncert_dim=\dimen175
\l__siunitx_table_fill_pre_dim=\dimen176
\l__siunitx_table_fill_post_dim=\dimen177
\l__siunitx_table_fill_mid_dim=\dimen178
\l__siunitx_table_pre_box=\box57
\l__siunitx_table_post_box=\box58
\l__siunitx_table_mantissa_box=\box59
\l__siunitx_table_result_box=\box60
\l__siunitx_table_number_align_skip=\skip57
\l__siunitx_table_text_align_skip=\skip58

(/usr/share/texmf-dist/tex/latex/translator/translator.sty
Package: translator 2020-08-03 v1.12c Easy translation of strings in LaTeX
))
(/usr/share/texmf-dist/tex/latex/fancyhdr/fancyhdr.sty
Package: fancyhdr 2019/01/31 v3.10 Extensive control of page headers and footer
s
\f@nch@headwidth=\skip59
\f@nch@O@elh=\skip60
\f@nch@O@erh=\skip61
\f@nch@O@olh=\skip62
\f@nch@O@orh=\skip63
\f@nch@O@elf=\skip64
\f@nch@O@erf=\skip65
\f@nch@O@olf=\skip66
\f@nch@O@orf=\skip67
)
(/usr/share/texmf-dist/tex/latex/base/textcomp.sty
Package: textcomp 2020/02/02 v2.0n Standard LaTeX package
)
(/usr/share/texmf-dist/tex/latex/makecell/makecell.sty
Package: makecell 2009/08/03 V0.1e Managing of Tab Column Heads and Cells
\rotheadsize=\dimen179
\c@nlinenum=\count309
\TeXr@lab=\toks26
)
(/usr/share/texmf-dist/tex/latex/caption/caption.sty
Package: caption 2020/10/26 v3.5g Customizing captions (AR)

(/usr/share/texmf-dist/tex/latex/caption/caption3.sty
Package: caption3 2020/10/21 v2.2e caption3 kernel (AR)
\captionmargin=\dimen180
\captionmargin@=\dimen181
\captionwidth=\dimen182
\caption@tempdima=\dimen183
\caption@indent=\dimen184
\caption@parindent=\dimen185
\caption@hangindent=\dimen186
Package caption Info: Standard document class detected.
)
\c@caption@flags=\count310
\c@continuedfloat=\count311
Package caption Info: hyperref package is loaded.
Package caption Info: listings package is loaded.
)
(/usr/share/texmf-dist/tex/latex/pdfpages/pdfpages.sty
Package: pdfpages 2020/01/28 v0.5q Insert pages of external PDF documents (AM)

(/usr/share/texmf-dist/tex/latex/base/ifthen.sty
Package: ifthen 2014/09/29 v1.1c Standard LaTeX ifthen package (DPC)
)
(/usr/share/texmf-dist/tex/latex/tools/calc.sty
Package: calc 2017/05/25 v4.3 Infix arithmetic (KKT,FJ)
\calc@Acount=\count312
\calc@Bcount=\count313
\calc@Adimen=\dimen187
\calc@Bdimen=\dimen188
\calc@Askip=\skip68
\calc@Bskip=\skip69
LaTeX Info: Redefining \setlength on input line 80.
LaTeX Info: Redefining \addtolength on input line 81.
\calc@Ccount=\count314
\calc@Cskip=\skip70
)
(/usr/share/texmf-dist/tex/latex/eso-pic/eso-pic.sty
Package: eso-pic 2020/10/14 v3.0a eso-pic (RN)
\ESO@tempdima=\dimen189
\ESO@tempdimb=\dimen190

(/usr/share/texmf-dist/tex/latex/xcolor/xcolor.sty
Package: xcolor 2016/05/11 v2.12 LaTeX color extensions (UK)

(/usr/share/texmf-dist/tex/latex/graphics-cfg/color.cfg
File: color.cfg 2016/01/02 v1.6 sample color configuration
)
Package xcolor Info: Driver file: pdftex.def on input line 225.

(/usr/share/texmf-dist/tex/latex/graphics-def/pdftex.def
File: pdftex.def 2020/10/05 v1.2a Graphics/color driver for pdftex
)
Package xcolor Info: Model `cmy' substituted by `cmy0' on input line 1348.
Package xcolor Info: Model `hsb' substituted by `rgb' on input line 1352.
Package xcolor Info: Model `RGB' extended on input line 1364.
Package xcolor Info: Model `HTML' substituted by `rgb' on input line 1366.
Package xcolor Info: Model `Hsb' substituted by `hsb' on input line 1367.
Package xcolor Info: Model `tHsb' substituted by `hsb' on input line 1368.
Package xcolor Info: Model `HSB' substituted by `hsb' on input line 1369.
Package xcolor Info: Model `Gray' substituted by `gray' on input line 1370.
Package xcolor Info: Model `wave' substituted by `hsb' on input line 1371.
))
(/usr/share/texmf-dist/tex/latex/graphics/graphicx.sty
Package: graphicx 2020/09/09 v1.2b Enhanced LaTeX Graphics (DPC,SPQR)

(/usr/share/texmf-dist/tex/latex/graphics/graphics.sty
Package: graphics 2020/08/30 v1.4c Standard LaTeX Graphics (DPC,SPQR)

(/usr/share/texmf-dist/tex/latex/graphics/trig.sty
Package: trig 2016/01/03 v1.10 sin cos tan (DPC)
)
(/usr/share/texmf-dist/tex/latex/graphics-cfg/graphics.cfg
File: graphics.cfg 2016/06/04 v1.11 sample graphics configuration
)
Package graphics Info: Driver file: pdftex.def on input line 105.
)
\Gin@req@height=\dimen191
\Gin@req@width=\dimen192
)
\AM@pagewidth=\dimen193
\AM@pageheight=\dimen194

(/usr/share/texmf-dist/tex/latex/pdfpages/pppdftex.def
File: pppdftex.def 2020/01/28 v0.5q Pdfpages driver for pdfTeX (AM)
)
\AM@pagebox=\box61
\AM@global@opts=\toks27
\AM@pagecnt=\count315
\AM@toc@title=\toks28
\c@AM@survey=\count316
\AM@templatesizebox=\box62
)
(/usr/share/texmf-dist/tex/latex/tools/multicol.sty
Package: multicol 2019/12/09 v1.8y multicolumn formatting (FMi)
\c@tracingmulticols=\count317
\mult@box=\box63
\multicol@leftmargin=\dimen195
\c@unbalance=\count318
\c@collectmore=\count319
\doublecol@number=\count320
\multicoltolerance=\count321
\multicolpretolerance=\count322
\full@width=\dimen196
\page@free=\dimen197
\premulticols=\dimen198
\postmulticols=\dimen199
\multicolsep=\skip71
\multicolbaselineskip=\skip72
\partial@page=\box64
\last@line=\box65
\maxbalancingoverflow=\dimen256
\mult@rightbox=\box66
\mult@grightbox=\box67
\mult@gfirstbox=\box68
\mult@firstbox=\box69
\@tempa=\box70
\@tempa=\box71
\@tempa=\box72
\@tempa=\box73
\@tempa=\box74
\@tempa=\box75
\@tempa=\box76
\@tempa=\box77
\@tempa=\box78
\@tempa=\box79
\@tempa=\box80
\@tempa=\box81
\@tempa=\box82
\@tempa=\box83
\@tempa=\box84
\@tempa=\box85
\@tempa=\box86
\@tempa=\box87
\@tempa=\box88
\@tempa=\box89
\@tempa=\box90
\@tempa=\box91
\@tempa=\box92
\@tempa=\box93
\@tempa=\box94
\@tempa=\box95
\@tempa=\box96
\@tempa=\box97
\@tempa=\box98
\@tempa=\box99
\@tempa=\box100
\@tempa=\box101
\@tempa=\box102
\@tempa=\box103
\@tempa=\box104
\@tempa=\box105
\@tempa=\box106
\c@minrows=\count323
\c@columnbadness=\count324
\c@finalcolumnbadness=\count325
\last@try=\dimen257
\multicolovershoot=\dimen258
\multicolundershoot=\dimen259
\mult@nat@firstbox=\box107
\colbreak@box=\box108
\mc@col@check@num=\count326
)
(/usr/share/texmf-dist/tex/latex/algorithm2e/algorithm2e.sty
Package: algorithm2e 2017/07/18 v5.2 algorithms environments
\c@AlgoLine=\count327
\algocf@hangindent=\skip73

(/usr/share/texmf-dist/tex/latex/ifoddpage/ifoddpage.sty
Package: ifoddpage 2016/04/23 v1.1 Conditionals for odd/even page detection
\c@checkoddpage=\count328
)
(/usr/share/texmf-dist/tex/latex/tools/xspace.sty
Package: xspace 2014/10/28 v1.13 Space after command names (DPC,MH)
)
(/usr/share/texmf-dist/tex/latex/relsize/relsize.sty
Package: relsize 2013/03/29 ver 4.1
)
\skiptotal=\skip74
\skiplinenumber=\skip75
\skiprule=\skip76
\skiphlne=\skip77
\skiptext=\skip78
\skiplength=\skip79
\algomargin=\skip80
\skipalgocfslide=\skip81
\algowidth=\dimen260
\inoutsize=\dimen261
\inoutindent=\dimen262
\interspacetitleruled=\dimen263
\interspacealgoruled=\dimen264
\interspacetitleboxruled=\dimen265
\algocf@ruledwidth=\skip82
\algocf@inoutbox=\box109
\algocf@inputbox=\box110
\AlCapSkip=\skip83
\AlCapHSkip=\skip84
\algoskipindent=\skip85
\algocf@nlbox=\box111
\algocf@hangingbox=\box112
\algocf@untilbox=\box113
\algocf@skipuntil=\skip86
\algocf@capbox=\box114
\algocf@lcaptionbox=\skip87
\algoheightruledefault=\skip88
\algoheightrule=\skip89
\algotitleheightruledefault=\skip90
\algotitleheightrule=\skip91
\c@algocfline=\count329
\c@algocfproc=\count330
\c@algocf=\count331
\algocf@algoframe=\box115
\algocf@algobox=\box116
)
(/usr/share/texmf-dist/tex/latex/mhchem/mhchem.sty
Package: mhchem 2018/06/22 v4.08 for typesetting chemical formulae

(/usr/share/texmf-dist/tex/latex/chemgreek/chemgreek.sty
Package: chemgreek 2020/01/16 v1.1a interface for upright Greek letters for use
 in chemistry (CN)
\l__chemgreek_tmpa_int=\count332
\g__chemgreek_tmpa_int=\count333
)
\l__mhchem_ce_distanceFromLastComma_int=\count334
\__mhchem_arrow_extPgfLength_skip=\skip92
\mhchem@minispace@tmp=\skip93
\mhchem@minibackspace@tmp=\skip94
\mhchem@bondwidth=\skip95
\mhchem@bondheight=\skip96
\mhchem@smallbondwidth@tmpA=\skip97
\mhchem@smallbondwidth@tmpB=\skip98
\mhchem@smallbondwidth=\skip99
\mhchem@bondtmp@minussidebearingleft=\skip100
\mhchem@bondtmp@minussidebearingright=\skip101
\l__mhchem_option_version_int=\count335
\mhchem@option@minusmathsidebearingleft=\dimen266
\mhchem@option@minusmathsidebearingright=\dimen267
\mhchem@option@minustextsidebearingleft=\dimen268
\mhchem@option@minustextsidebearingright=\dimen269


Package mhchem Warning: You did not specify a 'version' option for the mhchem
(mhchem)                package. Please write \usepackage[version=4]{mhchem}
(mhchem)                in your preamble (or any lower number for
(mhchem)                compatibility mode), because you might get slightly
(mhchem)                different output with the same input in future versions
.

) (/usr/share/texmf-dist/tex/latex/float/float.sty
Package: float 2001/11/08 v1.3d Float enhancements (AL)
\c@float@type=\count336
\float@exts=\toks29
\float@box=\box117
\@float@everytoks=\toks30
\@floatcapt=\box118
)) (./build/Principal.aux)
LaTeX Font Info:    Checking defaults for OML/cmm/m/it on input line 9.
LaTeX Font Info:    ... okay on input line 9.
LaTeX Font Info:    Checking defaults for OMS/cmsy/m/n on input line 9.
LaTeX Font Info:    ... okay on input line 9.
LaTeX Font Info:    Checking defaults for OT1/cmr/m/n on input line 9.
LaTeX Font Info:    ... okay on input line 9.
LaTeX Font Info:    Checking defaults for T1/cmr/m/n on input line 9.
LaTeX Font Info:    ... okay on input line 9.
LaTeX Font Info:    Checking defaults for TS1/cmr/m/n on input line 9.
LaTeX Font Info:    ... okay on input line 9.
LaTeX Font Info:    Checking defaults for OMX/cmex/m/n on input line 9.
LaTeX Font Info:    ... okay on input line 9.
LaTeX Font Info:    Checking defaults for U/cmr/m/n on input line 9.
LaTeX Font Info:    ... okay on input line 9.
LaTeX Font Info:    Checking defaults for PD1/pdf/m/n on input line 9.
LaTeX Font Info:    ... okay on input line 9.

*geometry* driver: auto-detecting
*geometry* detected driver: pdftex
*geometry* verbose mode - [ preamble ] result:
* driver: pdftex
* paper: a4paper
* layout: <same size as paper>
* layoutoffset:(h,v)=(0.0pt,0.0pt)
* modes: 
* h-part:(L,W,R)=(81.94394pt, 433.62pt, 81.94394pt)
* v-part:(T,H,B)=(106.75473pt, 578.15999pt, 160.13213pt)
* \paperwidth=597.50787pt
* \paperheight=845.04684pt
* \textwidth=433.62pt
* \textheight=578.15999pt
* \oddsidemargin=9.67395pt
* \evensidemargin=9.67395pt
* \topmargin=4.41725pt
* \headheight=12.0pt
* \headsep=18.06749pt
* \topskip=10.0pt
* \footskip=25.29494pt
* \marginparwidth=69.0pt
* \marginparsep=7.0pt
* \columnsep=10.0pt
* \skip\footins=9.0pt plus 4.0pt minus 2.0pt
* \hoffset=0.0pt
* \voffset=0.0pt
* \mag=1000
* \@twocolumnfalse
* \@twosidefalse
* \@mparswitchfalse
* \@reversemarginfalse
* (1in=72.27pt=25.4mm, 1cm=28.453pt)

LaTeX Info: Redefining \it@ocap on input line 9.
LaTeX Info: Redefining \it@ccap on input line 9.
\c@lstlisting=\count337
Package hyperref Info: Link coloring OFF on input line 9.
(/usr/share/texmf-dist/tex/latex/hyperref/nameref.sty
Package: nameref 2019/09/16 v2.46 Cross-referencing by name of section

(/usr/share/texmf-dist/tex/latex/refcount/refcount.sty
Package: refcount 2019/12/15 v3.6 Data extraction from label references (HO)
)
(/usr/share/texmf-dist/tex/generic/gettitlestring/gettitlestring.sty
Package: gettitlestring 2019/12/15 v1.6 Cleanup title references (HO)
)
\c@section@level=\count338
)
LaTeX Info: Redefining \ref on input line 9.
LaTeX Info: Redefining \pageref on input line 9.
LaTeX Info: Redefining \nameref on input line 9.

(./build/Principal.out) (./build/Principal.out)
\@outlinefile=\write3

(/usr/share/texmf-dist/tex/latex/siunitx/siunitx-abbreviations.cfg
File: siunitx-abbreviations.cfg 2017/11/26 v2.7k siunitx: Abbreviated units
)
(/usr/share/texmf-dist/tex/latex/translator/translator-basic-dictionary-English
.dict
Dictionary: translator-basic-dictionary, Language: English 
)
Package caption Info: Begin \AtBeginDocument code.
Package caption Info: float package is loaded.
Package caption Info: End \AtBeginDocument code.
 (/usr/share/texmf-dist/tex/context/base/mkii/supp-pdf.mkii
[Loading MPS to PDF converter (version 2006.09.02).]
\scratchcounter=\count339
\scratchdimen=\dimen270
\scratchbox=\box119
\nofMPsegments=\count340
\nofMParguments=\count341
\everyMPshowfont=\toks31
\MPscratchCnt=\count342
\MPscratchDim=\dimen271
\MPnumerator=\count343
\makeMPintoPDFobject=\count344
\everyMPtoPDFconversion=\toks32
) (/usr/share/texmf-dist/tex/latex/epstopdf-pkg/epstopdf-base.sty
Package: epstopdf-base 2020-01-24 v2.11 Base part for package epstopdf
Package epstopdf-base Info: Redefining graphics rule for `.eps' on input line 4
85.

(/usr/share/texmf-dist/tex/latex/latexconfig/epstopdf-sys.cfg
File: epstopdf-sys.cfg 2010/07/13 v1.3 Configuration of (r)epstopdf for TeX Liv
e
))
(/usr/share/texmf-dist/tex/latex/pdflscape/pdflscape.sty
Package: pdflscape 2019/12/05 v0.12 Display of landscape pages in PDF (HO)

(/usr/share/texmf-dist/tex/latex/graphics/lscape.sty
Package: lscape 2020/05/28 v3.02 Landscape Pages (DPC)
)
Package pdflscape Info: Auto-detected driver: pdftex on input line 81.
)

Package chemgreek Info: Activating mapping `default' on line 9.

 [1


{/var/lib/texmf/fonts/map/pdftex/updmap/pdftex.map}] (./build/Principal.toc
Underfull \hbox (badness 5771) in paragraph at lines 47--47
 [][] [][]\T1/cmr/m/n/10 Caratteristiche uni-ver-sa-li 
 []


Underfull \hbox (badness 10000) in paragraph at lines 224--224
 [][] [][]\T1/cmr/m/n/10 Mantenimento di una 
 []


Underfull \hbox (badness 10000) in paragraph at lines 224--224
 \T1/cmr/m/n/10 DNA po-li-me-ra-si in 
 []

pdfTeX warning (ext4): destination with the same identifier (name{page.1}) has 
been already used, duplicate ignored
<to be read again> 
                   \relax 
l.236 ...3.4.1}Composizione}{30}{subsection.3.4.1}
                                                  % [1]
Underfull \hbox (badness 10000) in paragraph at lines 527--527
 [][] [][]\T1/cmr/m/n/10 Comunicazione con-tat-to 
 []


Underfull \hbox (badness 10000) in paragraph at lines 532--532
 [][] [][]\T1/cmr/m/n/10 Comunicazione tra-mi-te 
 []

[2]
Underfull \hbox (badness 6592) in paragraph at lines 685--685
 [][] [][]\T1/cmr/m/n/10 Contenitori e stru-men-ti 
 []

)
\tf@toc=\write4
 (./Chapters/01_Introduzione.tex [3]
Capitolo 1.
[4] [5] [6]
Underfull \hbox (badness 10000) in paragraph at lines 135--137
 \T1/cmr/bx/n/10 1.2.4.3.3 Elet-tro-po-ra-zio-ne[] \T1/cmr/m/n/10 Nel-l'e-let-t
ro-po-
 []

[7]
Underfull \hbox (badness 10000) in paragraph at lines 143--144
 \T1/cmr/bx/n/10 1.2.4.3.5 Mi-croi-nie-zio-ne[] \T1/cmr/m/n/10 Il DNA vie-ne
 []

[8] [9]
Underfull \hbox (badness 10000) in paragraph at lines 206--206
[]\T1/cmr/bx/n/12 Caratteristiche uni-ver-sa-li
 []


Underfull \hbox (badness 7796) in paragraph at lines 226--229
 \T1/cmr/bx/n/10 1.4.1.4.1 Mem-bra-na[] \T1/cmr/m/n/10 La mem-bra-na pla-
 []

[10]
Underfull \hbox (badness 10000) in paragraph at lines 236--238
 \T1/cmr/bx/n/10 1.4.1.4.2.2 Re-ti-co-lo en-do-pla-sma-ti-co[]
 []


Underfull \hbox (badness 5832) in paragraph at lines 242--245
 \T1/cmr/bx/n/10 1.4.1.4.2.4 Mi-to-con-dri[] \T1/cmr/m/n/10 Pos-sie-do-no un
 []


Underfull \hbox (badness 10000) in paragraph at lines 248--249
 \T1/cmr/bx/n/10 1.4.1.4.2.6 Ci-to-sche-le-tro[] \T1/cmr/m/n/10 For-ma-to da
 []

[11]
Underfull \hbox (badness 10000) in paragraph at lines 284--284
 \T1/cmr/bx/n/10 1.4.2.1.4 Ti-po-lo-gia
 []

) (./Chapters/02_DNARNA.tex [12] [13]
Capitolo 2.

Underfull \hbox (badness 10000) in paragraph at lines 20--21
[]\T1/cmr/m/it/10 Anti\T1/cmr/m/n/10 , l'o-
 []


Underfull \hbox (badness 10000) in paragraph at lines 20--21
\T1/cmr/m/n/10 rien-ta-men-to
 []


Underfull \hbox (badness 10000) in paragraph at lines 35--36
\T1/cmr/m/n/10 ces-si cel-lu-la-ri
 []


Underfull \hbox (badness 10000) in paragraph at lines 63--64
\T1/cmr/m/n/10 ne te-nu-ta per
 []


Underfull \hbox (badness 10000) in paragraph at lines 63--64
\T1/cmr/m/n/10 con-ven-zio-ne in
 []


Underfull \hbox (badness 10000) in paragraph at lines 64--65
\T1/cmr/m/it/10 -OH \T1/cmr/m/n/10 li-be-ro in
 []

[14] [15]
Underfull \hbox (badness 7238) in paragraph at lines 171--172
\T1/cmr/m/n/10 Waals: in-te-ra-
 []


Underfull \hbox (badness 10000) in paragraph at lines 171--172
\T1/cmr/m/n/10 im-pac-chet-ta-men-
 []


Underfull \hbox (badness 6125) in paragraph at lines 171--172
\T1/cmr/m/n/10 to tra le ba-si
 []


Underfull \hbox (badness 10000) in paragraph at lines 174--175
[]\T1/cmr/m/n/10 Interazioni
 []


Underfull \hbox (badness 10000) in paragraph at lines 174--175
\T1/cmr/m/n/10 re-pul-sio-ne elet-
 []


Underfull \hbox (badness 5077) in paragraph at lines 174--175
\T1/cmr/m/n/10 ca-ri-che ne-ga-ti-ve
 []


Underfull \hbox (badness 10000) in paragraph at lines 174--175
\T1/cmr/m/n/10 in-te-ra-zio-ni con
 []


Underfull \hbox (badness 10000) in paragraph at lines 174--175
\T1/cmr/m/n/10 pro-tei-ne ric-che
 []

[16]
Underfull \hbox (badness 5756) in paragraph at lines 220--220
[]\T1/cmr/bx/n/10 Compattazione del-la strut-tu-ra
 []

[17]
Underfull \hbox (badness 6842) in paragraph at lines 233--234
\T1/cmr/m/n/10 tei-ne a par-ti-re
 []


Underfull \hbox (badness 10000) in paragraph at lines 234--235
\T1/cmr/m/n/10 (rR-NA): fan-no
 []


Underfull \hbox (badness 5667) in paragraph at lines 234--235
\T1/cmr/m/n/10 par-te del ri-bo-
 []


Underfull \hbox (badness 7722) in paragraph at lines 234--235
\T1/cmr/m/n/10 so-ma e ven-go-
 []


Underfull \hbox (badness 10000) in paragraph at lines 236--237
[]\T1/cmr/m/n/10 Micro RNA
 []


Underfull \hbox (badness 5274) in paragraph at lines 236--237
\T1/cmr/m/n/10 (miR-NA), short
 []


Underfull \hbox (badness 10000) in paragraph at lines 236--237
\T1/cmr/m/n/10 (piR-NA): han-
 []


Underfull \hbox (badness 10000) in paragraph at lines 236--237
\T1/cmr/m/n/10 no fun-zio-ne
 []


Underfull \hbox (badness 6808) in paragraph at lines 237--238
\T1/cmr/m/n/10 clea-ri (snR-NA):
 []


Underfull \hbox (badness 6658) in paragraph at lines 237--238
\T1/cmr/m/n/10 mo-di-fi-ca-no ti-pi-
 []

[18]
Underfull \hbox (badness 10000) in paragraph at lines 290--292
 \T1/cmr/bx/n/10 2.3.3.1.1 Eu-cro-ma-ti-na[] \T1/cmr/m/n/10 L'eu-cro-ma-ti-na è

 []


Underfull \hbox (badness 10000) in paragraph at lines 294--298
 \T1/cmr/bx/n/10 2.3.3.1.2 Ete-ro-cro-ma-ti-na[] \T1/cmr/m/n/10 L'e-te-ro-cro-m
a-ti-
 []


Underfull \hbox (badness 10000) in paragraph at lines 299--300
[]\T1/cmr/m/n/10 Costitutiva: è
 []


Underfull \hbox (badness 5637) in paragraph at lines 299--300
\T1/cmr/m/n/10 sem-pre com-pat-
 []


Underfull \hbox (badness 6725) in paragraph at lines 299--300
\T1/cmr/m/n/10 ne mai espres-
 []


Underfull \hbox (badness 6658) in paragraph at lines 299--300
\T1/cmr/m/n/10 sa e la re-gio-
 []


Underfull \hbox (badness 10000) in paragraph at lines 300--301
[]\T1/cmr/m/n/10 Facoltativa: è
 []


Underfull \hbox (badness 6893) in paragraph at lines 300--301
\T1/cmr/m/n/10 una re-gio-ne di
 []


Underfull \hbox (badness 10000) in paragraph at lines 300--301
\T1/cmr/m/n/10 ave-re pro-prie-tà
 []


Underfull \hbox (badness 10000) in paragraph at lines 322--323
[]
 []


Overfull \hbox (2.2975pt too wide) in paragraph at lines 322--323
\T1/cmr/m/it/10 H2A\T1/cmr/m/n/10 . 
 []


Underfull \hbox (badness 10000) in paragraph at lines 323--324
[]
 []


Overfull \hbox (1.90317pt too wide) in paragraph at lines 323--324
\T1/cmr/m/it/10 H2B\T1/cmr/m/n/10 . 
 []

[19]
Underfull \hbox (badness 6961) in paragraph at lines 337--339
 \T1/cmr/bx/n/10 2.3.3.2.2.2 Strut-tu-ra[] \T1/cmr/m/n/10 Gli isto-ni so-no
 []


Underfull \hbox (badness 10000) in paragraph at lines 352--355
 \T1/cmr/bx/n/10 2.3.3.2.2.5 Co-de isto-ni-che[] \T1/cmr/m/n/10 Le co-de
 []


Underfull \hbox (badness 10000) in paragraph at lines 373--374
[]\T1/cmr/m/n/10 Perline su fi-li:
 []


Underfull \hbox (badness 5637) in paragraph at lines 376--377
[]\T1/cmr/m/n/10 Cromosoma mi-
 []


Underfull \hbox (badness 10000) in paragraph at lines 376--377
\T1/cmr/m/n/10 to-ti-co in-te-ro:
 []

[20]
Underfull \hbox (badness 10000) in paragraph at lines 397--398
[]
 []


Overfull \hbox (18.41048pt too wide) in paragraph at lines 397--398
\T1/cmr/m/n/10 Replicazione. 
 []


Underfull \hbox (badness 10000) in paragraph at lines 398--399
[]
 []


Overfull \hbox (32.57368pt too wide) in paragraph at lines 398--399
\T1/cmr/m/n/10 Ricombinazione. 
 []


Underfull \hbox (badness 10000) in paragraph at lines 399--400
[]
 []


Overfull \hbox (16.43874pt too wide) in paragraph at lines 399--400
\T1/cmr/m/n/10 Trascrizione. 
 []


Underfull \hbox (badness 10000) in paragraph at lines 400--401
[]
 []


Overfull \hbox (15.66115pt too wide) in paragraph at lines 400--401
\T1/cmr/m/n/10 Riparazione. 
 []


Underfull \hbox (badness 10000) in paragraph at lines 401--402
[]
 []


Overfull \hbox (16.63313pt too wide) in paragraph at lines 401--402
\T1/cmr/m/n/10 Segregazione
 []


Underfull \hbox (badness 10000) in paragraph at lines 418--419
[]\T1/cmr/m/n/10 Scorrimento dei
 []


Underfull \hbox (badness 10000) in paragraph at lines 419--420
[]\T1/cmr/m/n/10 Rimozione dei
 []


Underfull \hbox (badness 5446) in paragraph at lines 425--426
 \T1/cmr/bx/n/10 2.3.4.1.2 Fa-ci-li-ta-tes chro-ma-ti-ne trans-
 []


Underfull \hbox (badness 10000) in paragraph at lines 452--453
\T1/cmr/m/n/10 sio-ne del-l'e-te-ro-
 []


Underfull \hbox (badness 10000) in paragraph at lines 452--453
\T1/cmr/m/n/10 phi-la pro-muo-ve
 []


Underfull \hbox (badness 10000) in paragraph at lines 452--453
\T1/cmr/m/n/10 il si-len-zia-men-to
 []

[21]
Underfull \hbox (badness 10000) in paragraph at lines 470--471
[]\T1/cmr/m/n/10 Bromodominio:
 []


Underfull \hbox (badness 10000) in paragraph at lines 470--471
\T1/cmr/m/n/10 ri-co-no-sce ace-ti-
 []


Underfull \hbox (badness 10000) in paragraph at lines 471--472
[]\T1/cmr/m/n/10 Cromodominio:
 []


Underfull \hbox (badness 5817) in paragraph at lines 480--481
 \T1/cmr/bx/n/10 2.3.5.2.1 Co-de me-ti-la-te[] \T1/cmr/m/n/10 La me-ti-la-zio-n
e
 []

[22]
Underfull \hbox (badness 10000) in paragraph at lines 540--541
[]\T1/cmr/m/n/10 Ridotte
 []


Underfull \hbox (badness 10000) in paragraph at lines 540--541
\T1/cmr/m/n/10 ca-pa-ci-tà
 []


Underfull \hbox (badness 10000) in paragraph at lines 541--542
[]
 []


Overfull \hbox (4.52498pt too wide) in paragraph at lines 541--542
\T1/cmr/m/n/10 Riduzione
 []


Underfull \hbox (badness 10000) in paragraph at lines 541--542
\T1/cmr/m/n/10 del-la
 []


Underfull \hbox (badness 10000) in paragraph at lines 541--542
\T1/cmr/m/n/10 gran-dez-
 []


Underfull \hbox (badness 10000) in paragraph at lines 541--542
\T1/cmr/m/n/10 za del
 []


Underfull \hbox (badness 10000) in paragraph at lines 542--543
[]\T1/cmr/m/n/10 Ritardi
 []


Overfull \hbox (13.55872pt too wide) in paragraph at lines 550--550
[]\T1/cmr/bx/n/14.4 Modifiche post-traduzionali 
 []

[23]
Underfull \hbox (badness 10000) in paragraph at lines 578--580
\T1/cmr/m/n/10 La gli-co-si-la-zio-ne è una mo-di-fi-ca post-
 []

[24]
Underfull \hbox (badness 6268) in paragraph at lines 653--654
[]\T1/cmr/m/n/10 Transferrina: sta-bi-liz-za il suo RNA
 []

) (./Chapters/03_Replicazione.tex [25]
Capitolo 3.

Underfull \hbox (badness 5490) in paragraph at lines 8--9
[]\T1/cmr/m/n/10 Replicazione di-
 []


Underfull \hbox (badness 5345) in paragraph at lines 9--10
[]\T1/cmr/m/n/10 Replicazione se-
 []


Underfull \hbox (badness 10000) in paragraph at lines 9--10
\T1/cmr/m/n/10 mi-con-ser-va-ti-va:
 []


Underfull \hbox (badness 10000) in paragraph at lines 9--10
\T1/cmr/m/n/10 la mo-le-co-la di
 []


Underfull \hbox (badness 7099) in paragraph at lines 44--47
 \T1/cmr/bx/n/10 3.2.1.1.1 Deos-si-ri-bo-nu-cleo-ti-di tri-fo-sfa-to[]
 []


Underfull \hbox (badness 10000) in paragraph at lines 48--49
[]
 []


Overfull \hbox (9.10417pt too wide) in paragraph at lines 48--49
\T1/cmr/m/it/10 dGTP\T1/cmr/m/n/10 . 
 []


Underfull \hbox (badness 10000) in paragraph at lines 49--50
[]
 []


Overfull \hbox (8.52374pt too wide) in paragraph at lines 49--50
\T1/cmr/m/it/10 dCTP\T1/cmr/m/n/10 . 
 []


Underfull \hbox (badness 10000) in paragraph at lines 50--51
[]
 []


Overfull \hbox (8.03497pt too wide) in paragraph at lines 50--51
\T1/cmr/m/it/10 dATP\T1/cmr/m/n/10 . 
 []


Underfull \hbox (badness 10000) in paragraph at lines 51--52
[]
 []


Overfull \hbox (8.52374pt too wide) in paragraph at lines 51--52
\T1/cmr/m/it/10 dTTP\T1/cmr/m/n/10 . 
 []

[26]
Underfull \hbox (badness 7759) in paragraph at lines 84--85
\T1/cmr/m/n/10 co-di-fi-ca per lo
 []

[27] [28]
Underfull \hbox (badness 10000) in paragraph at lines 172--172
[]\T1/cmr/bx/n/14.4 Complesso di pre-
 []


Underfull \hbox (badness 10000) in paragraph at lines 181--182
[]\T1/cmr/m/n/10 Sito di le-ga-
 []


Underfull \hbox (badness 10000) in paragraph at lines 181--182
\T1/cmr/m/n/10 tei-na ini-zia-tri-
 []


Underfull \hbox (badness 10000) in paragraph at lines 181--182
\T1/cmr/m/n/10 ce \T1/cmr/m/it/10 ORC \T1/cmr/m/n/10 (ori-
 []


Underfull \hbox (badness 10000) in paragraph at lines 181--182
\T1/cmr/m/n/10 gin re-co-gni-tion
 []


Underfull \hbox (badness 6927) in paragraph at lines 183--184
[]\T1/cmr/m/n/10 Sito di le-ga-me
 []


Underfull \hbox (badness 10000) in paragraph at lines 191--192
[]\T1/cmr/m/it/10 ORC \T1/cmr/m/n/10 re-clu-ta
 []


Underfull \hbox (badness 10000) in paragraph at lines 194--195
\T1/cmr/m/n/10 as-sem-bla-to sul
 []


Underfull \hbox (badness 10000) in paragraph at lines 208--209
\T1/cmr/m/it/10 Cdc6 \T1/cmr/m/n/10 pro-muo-
 []


Underfull \hbox (badness 10000) in paragraph at lines 215--216
\T1/cmr/m/n/10 tem-po-ra-nea-men-
 []


Underfull \hbox (badness 10000) in paragraph at lines 215--216
\T1/cmr/m/n/10 te in di-re-zio-ni
 []

[29]

Package hyperref Warning: Token not allowed in a PDF string (PDFDocEncoding):
(hyperref)                removing `math shift' on input line 259.


Package hyperref Warning: Token not allowed in a PDF string (PDFDocEncoding):
(hyperref)                removing `math shift' on input line 259.


Underfull \hbox (badness 10000) in paragraph at lines 264--265
[]\T1/cmr/m/n/10 Attività eso-nu-
 []


Underfull \hbox (badness 10000) in paragraph at lines 264--265
\T1/cmr/m/n/10 dal-l'e-ster-no con
 []

[30]
Underfull \hbox (badness 10000) in paragraph at lines 307--313
 \T1/cmr/bx/n/10 3.5.1.1.1 Re-go-la-zio-ne[] \T1/cmr/m/n/10 L'i-ni-zio è l'u-ni
-co
 []

[31] [32]
Underfull \hbox (badness 10000) in paragraph at lines 378--384
 \T1/cmr/bx/n/10 3.5.5.2.1.4 Lun-ghez-za dei te-lo-me-ri[]
 []


Underfull \hbox (badness 10000) in paragraph at lines 390--391
[]\T1/cmr/m/n/10 Pigemntazione
 []


Underfull \hbox (badness 10000) in paragraph at lines 390--391
\T1/cmr/m/n/10 ano-ma-la del-la
 []


Underfull \hbox (badness 5711) in paragraph at lines 391--392
\T1/cmr/m/n/10 la (cor-ru-ga-men-
 []

[33]
Underfull \hbox (badness 10000) in paragraph at lines 466--467
[]\T1/cmr/m/n/10 Il mi-to-con-drio
 []


Underfull \hbox (badness 10000) in paragraph at lines 466--467
\T1/cmr/m/n/10 co-di-fi-ca per
 []


Underfull \hbox (badness 10000) in paragraph at lines 467--468
[]\T1/cmr/m/n/10 Il mi-to-con-drio
 []


Underfull \hbox (badness 10000) in paragraph at lines 467--468
\T1/cmr/m/n/10 con-tie-ne DNA
 []


Underfull \hbox (badness 5374) in paragraph at lines 468--469
[]\T1/cmr/m/n/10 Sono ca-pa-ci di
 []


Underfull \hbox (badness 10000) in paragraph at lines 468--469
\T1/cmr/m/n/10 di-vi-der-si au-to-
 []


Underfull \hbox (badness 10000) in paragraph at lines 468--469
\T1/cmr/m/n/10 no-ma-men-te per
 []

[34]) (./Chapters/04_Trascrizione.tex [35]
Capitolo 4.

Underfull \hbox (badness 10000) in paragraph at lines 45--46
[]\T1/cmr/m/n/10 Accogliere il
 []


Underfull \hbox (badness 10000) in paragraph at lines 48--49
[]\T1/cmr/m/n/10 Far usci-re il
 []

[36]
Underfull \hbox (badness 7595) in paragraph at lines 91--92
[]\T1/cmr/m/n/10 tRNA: trans-fer,
 []


Underfull \hbox (badness 10000) in paragraph at lines 92--93
[]\T1/cmr/m/n/10 rRNA: ri-bo-so-
 []


Underfull \hbox (badness 10000) in paragraph at lines 93--94
[]\T1/cmr/m/n/10 snRNA: small
 []


Underfull \hbox (badness 10000) in paragraph at lines 93--94
\T1/cmr/m/n/10 nu-clear RNA
 []


Underfull \hbox (badness 8132) in paragraph at lines 93--94
\T1/cmr/m/n/10 per lo spli-cing
 []


Underfull \hbox (badness 10000) in paragraph at lines 93--94
\T1/cmr/m/n/10 (\T1/cmr/m/it/10 U1,2,4,5,6\T1/cmr/m/n/10 ) in
 []


Underfull \hbox (badness 10000) in paragraph at lines 93--94
\T1/cmr/m/n/10 com-ples-so con
 []


Underfull \hbox (badness 5345) in paragraph at lines 94--95
\T1/cmr/m/n/10 l'e-spres-sio-ne ge-
 []


Underfull \hbox (badness 10000) in paragraph at lines 95--96
[]\T1/cmr/m/n/10 piRNA: pro-teg-
 []


Underfull \hbox (badness 10000) in paragraph at lines 95--96
\T1/cmr/m/n/10 go-no le li-nee
 []


Underfull \hbox (badness 10000) in paragraph at lines 95--96
\T1/cmr/m/n/10 ger-mi-na-li dai
 []


Underfull \hbox (badness 7415) in paragraph at lines 118--120
 \T1/cmr/bx/n/10 4.2.1.3.1.1 Re-clu-ta-men-to di fat-to-ri[]
 []


Underfull \hbox (badness 6910) in paragraph at lines 121--123
[]\T1/cmr/m/it/10 UBF\T1/cmr/m/n/10 : up-stream
 []


Underfull \hbox (badness 10000) in paragraph at lines 121--123
\T1/cmr/m/n/10 bin-ding fac-tor,
 []


Underfull \hbox (badness 10000) in paragraph at lines 123--124
[]\T1/cmr/m/it/10 SL1 \T1/cmr/m/n/10 o fat-to-ri
 []


Underfull \hbox (badness 10000) in paragraph at lines 123--124
\T1/cmr/m/n/10 quen-za $\OML/cmm/m/it/10 TATA$
 []

[37]
Underfull \hbox (badness 7415) in paragraph at lines 136--138
 \T1/cmr/bx/n/10 4.2.1.3.2.1 Re-clu-ta-men-to di fat-to-ri[]
 []


Underfull \hbox (badness 10000) in paragraph at lines 139--140
[]\T1/cmr/m/it/10 TF2D\T1/cmr/m/n/10 : ri-co-no-
 []


Underfull \hbox (badness 10000) in paragraph at lines 139--140
\T1/cmr/m/n/10 (\T1/cmr/m/it/10 TBP \T1/cmr/m/n/10 as-so-cia-
 []


Underfull \hbox (badness 10000) in paragraph at lines 141--142
\T1/cmr/m/n/10 po-si-zio-na RNA
 []


Underfull \hbox (badness 7504) in paragraph at lines 145--146
\T1/cmr/m/n/10 met-te l'al-lun-ga-
 []


Underfull \hbox (badness 5741) in paragraph at lines 145--146
\T1/cmr/m/n/10 men-to del fi-la-
 []


Underfull \hbox (badness 7415) in paragraph at lines 153--155
 \T1/cmr/bx/n/10 4.2.1.3.3.1 Re-clu-ta-men-to di fat-to-ri[]
 []


Underfull \hbox (badness 10000) in paragraph at lines 156--157
\T1/cmr/m/n/10 che ri-co-no-sco-no
 []


Underfull \hbox (badness 10000) in paragraph at lines 158--159
[]\T1/cmr/m/n/10 La tra-scri-zio-ne
 []


Underfull \hbox (badness 10000) in paragraph at lines 158--159
\T1/cmr/m/n/10 al-l'in-ter-no del
 []

[38]
Underfull \hbox (badness 10000) in paragraph at lines 204--208
 \T1/cmr/bx/n/10 4.3.1.3.3 Scrun-ching[] \T1/cmr/m/n/10 Il mec-ca-ni-smo di
 []


Underfull \hbox (badness 10000) in paragraph at lines 215--216
[]
 []


Overfull \hbox (11.14534pt too wide) in paragraph at lines 215--216
\T1/cmr/m/it/10 TFIIA\T1/cmr/m/n/10 . 
 []


Underfull \hbox (badness 10000) in paragraph at lines 216--217
[]
 []


Overfull \hbox (10.751pt too wide) in paragraph at lines 216--217
\T1/cmr/m/it/10 TFIIB\T1/cmr/m/n/10 . 
 []


Underfull \hbox (badness 10000) in paragraph at lines 217--218
[]
 []


Overfull \hbox (10.86763pt too wide) in paragraph at lines 217--218
\T1/cmr/m/it/10 TFIIC\T1/cmr/m/n/10 . 
 []


Underfull \hbox (badness 10000) in paragraph at lines 218--219
[]
 []


Overfull \hbox (11.262pt too wide) in paragraph at lines 218--219
\T1/cmr/m/it/10 TFIID\T1/cmr/m/n/10 . 
 []


Underfull \hbox (badness 10000) in paragraph at lines 224--224
 \T1/cmr/bx/n/10 4.3.1.4.1 Pro-ces-so
 []


Underfull \hbox (badness 5519) in paragraph at lines 225--226
\T1/cmr/m/n/10 una \T1/cmr/m/it/10 TA-TA box
 []


Underfull \hbox (badness 6125) in paragraph at lines 227--228
\T1/cmr/m/n/10 ma-no un com-
 []


Underfull \hbox (badness 6268) in paragraph at lines 228--229
\T1/cmr/m/n/10 ra-si $\OML/cmm/m/it/10 II$ \T1/cmr/m/n/10 ot-tie-ne
 []


Underfull \hbox (badness 10000) in paragraph at lines 230--231
\T1/cmr/m/n/10 pro-mo-to-re sin-
 []


Underfull \hbox (badness 10000) in paragraph at lines 230--231
\T1/cmr/m/n/10 te-tiz-zan-do cor-
 []


Underfull \hbox (badness 10000) in paragraph at lines 239--241
 \T1/cmr/bx/n/10 4.3.1.4.2.1 En-han-cers[] \T1/cmr/m/n/10 Gli en-han-cers
 []

[39]
Underfull \hbox (badness 10000) in paragraph at lines 266--267
 \T1/cmr/bx/n/10 4.3.2.1.2 Edi-ting idro-li-ti-co[] \T1/cmr/m/n/10 Nel-l'e-di-t
ing
 []

[40]
Underfull \hbox (badness 10000) in paragraph at lines 341--341
[]\T1/cmr/bx/n/12 Processo di im-por-to ed
 []

[41]
Underfull \hbox (badness 10000) in paragraph at lines 390--391
[]\T1/cmr/m/n/10 Orientamento
 []


Underfull \hbox (badness 10000) in paragraph at lines 399--401
 \T1/cmr/bx/n/10 4.5.4.2.1 Helix-Turn-Helix[] \T1/cmr/m/n/10 Il do-mi-nio
 []


Underfull \hbox (badness 10000) in paragraph at lines 403--405
 \T1/cmr/bx/n/10 4.5.4.2.2 Do-mi-ni zinc-finger[] \T1/cmr/m/n/10 I do-mi-ni
 []


Package Fancyhdr Warning: \headheight is too small (12.0pt): 
Make it at least 22.48724pt.
We now make it that large for the rest of the document.
This may cause the page layout to be inconsistent, however.

[42]
Underfull \hbox (badness 10000) in paragraph at lines 446--447
[]\T1/cmr/m/n/10 Terminazione
 []


Underfull \hbox (badness 10000) in paragraph at lines 453--455
 \T1/cmr/bx/n/10 4.5.5.2.2 Mec-ca-ni-smo di re-go-la-zio-ne[]
 []


Overfull \hbox (20.07404pt too wide) in paragraph at lines 465--465
[]\T1/cmr/bx/n/14.4 Modifiche post-trascrizionali 
 []


Underfull \hbox (badness 10000) in paragraph at lines 486--487
[]\T1/cmr/m/n/10 La RNA tri-
 []


Underfull \hbox (badness 10000) in paragraph at lines 487--488
[]\T1/cmr/m/n/10 La Guanilil-
 []


Underfull \hbox (badness 10000) in paragraph at lines 488--489
[]\T1/cmr/m/n/10 Metiltrasferasi:
 []


Underfull \hbox (badness 10000) in paragraph at lines 488--489
\T1/cmr/m/n/10 ag-giun-ge un
 []


Underfull \hbox (badness 10000) in paragraph at lines 488--489
\T1/cmr/m/n/10 grup-po me-ti-li-co
 []

[43]
Underfull \hbox (badness 6893) in paragraph at lines 514--515
[]\T1/cmr/m/it/10 CPSF\T1/cmr/m/n/10 : clea-va-ge
 []


Underfull \hbox (badness 10000) in paragraph at lines 514--515
\T1/cmr/m/n/10 and po-lya-de-ni-
 []


Underfull \hbox (badness 10000) in paragraph at lines 515--516
[]\T1/cmr/m/it/10 CstF\T1/cmr/m/n/10 : clea-va-
 []


Underfull \hbox (badness 10000) in paragraph at lines 515--516
\T1/cmr/m/n/10 ge sti-mu-la-tion
 []


Underfull \hbox (badness 10000) in paragraph at lines 516--517
[]\T1/cmr/m/it/10 CFIm\T1/cmr/m/n/10 , \T1/cmr/m/it/10 CFIIm\T1/cmr/m/n/10 :
 []


Underfull \hbox (badness 10000) in paragraph at lines 544--545
[]\T1/cmr/m/n/10 Abbassamento
 []


Underfull \hbox (badness 10000) in paragraph at lines 546--547
[]\T1/cmr/m/n/10 Debolezza
 []


Underfull \hbox (badness 10000) in paragraph at lines 552--554
 \T1/cmr/bx/n/10 4.6.2.5.2 Ana-li-si mo-le-co-la-re[] \T1/cmr/m/n/10 At-tra-ver
-so
 []

[44]
Underfull \hbox (badness 5050) in paragraph at lines 564--565
 \T1/cmr/bx/n/10 4.6.3.1.1 Eso-ni[] \T1/cmr/m/n/10 Si in-ten-de per eso-ni le
 []


Underfull \hbox (badness 10000) in paragraph at lines 595--598
 \T1/cmr/bx/n/10 4.6.3.3.2.1 Retro-homing[] \T1/cmr/m/n/10 Il retro-
 []

[45]
Underfull \hbox (badness 10000) in paragraph at lines 619--620
[]
 []


Overfull \hbox (5.9565pt too wide) in paragraph at lines 619--620
\T1/cmr/m/it/10 U1\T1/cmr/m/n/10 . 
 []


Underfull \hbox (badness 10000) in paragraph at lines 620--621
[]
 []


Overfull \hbox (5.9565pt too wide) in paragraph at lines 620--621
\T1/cmr/m/it/10 U2\T1/cmr/m/n/10 . 
 []


Underfull \hbox (badness 10000) in paragraph at lines 621--622
[]
 []


Overfull \hbox (5.9565pt too wide) in paragraph at lines 621--622
\T1/cmr/m/it/10 U4\T1/cmr/m/n/10 . 
 []


Underfull \hbox (badness 10000) in paragraph at lines 622--623
[]
 []


Overfull \hbox (5.9565pt too wide) in paragraph at lines 622--623
\T1/cmr/m/it/10 U5\T1/cmr/m/n/10 . 
 []


Underfull \hbox (badness 10000) in paragraph at lines 623--624
[]
 []


Overfull \hbox (5.9565pt too wide) in paragraph at lines 623--624
\T1/cmr/m/it/10 U6\T1/cmr/m/n/10 . 
 []


Underfull \hbox (badness 10000) in paragraph at lines 633--634
[]\T1/cmr/m/n/10 Permette l'av-
 []


Underfull \hbox (badness 10000) in paragraph at lines 633--634
\T1/cmr/m/n/10 vi-ci-na-men-to e
 []


Underfull \hbox (badness 10000) in paragraph at lines 633--634
\T1/cmr/m/n/10 zio-na-men-to nel
 []


Underfull \hbox (badness 10000) in paragraph at lines 633--634
\T1/cmr/m/n/10 si-to ca-ta-li-ti-co
 []


Underfull \hbox (badness 10000) in paragraph at lines 633--634
\T1/cmr/m/n/10 se-ste-ri-fi-ca-zio-ni
 []


Underfull \hbox (badness 10000) in paragraph at lines 642--643
[]\T1/cmr/m/it/10 ESE\T1/cmr/m/n/10 :
 []


Underfull \hbox (badness 10000) in paragraph at lines 642--643
\T1/cmr/m/n/10 exo-nic
 []


Underfull \hbox (badness 10000) in paragraph at lines 642--643
\T1/cmr/m/n/10 spli-cing
 []


Underfull \hbox (badness 10000) in paragraph at lines 642--643
\T1/cmr/m/n/10 en-han-
 []


Underfull \hbox (badness 10000) in paragraph at lines 643--644
[]\T1/cmr/m/it/10 ESS\T1/cmr/m/n/10 :
 []


Underfull \hbox (badness 10000) in paragraph at lines 643--644
\T1/cmr/m/n/10 exo-nic
 []


Underfull \hbox (badness 10000) in paragraph at lines 643--644
\T1/cmr/m/n/10 spli-cing
 []


Underfull \hbox (badness 10000) in paragraph at lines 644--645
[]
 []


Overfull \hbox (2.91422pt too wide) in paragraph at lines 644--645
\T1/cmr/m/it/10 DEXH/D
 []


Underfull \hbox (badness 10000) in paragraph at lines 644--645
\T1/cmr/m/it/10 box\T1/cmr/m/n/10 :
 []


Underfull \hbox (badness 10000) in paragraph at lines 644--645
\T1/cmr/m/n/10 RNA
 []


Underfull \hbox (badness 10000) in paragraph at lines 645--646
[]\T1/cmr/m/it/10 SC35\T1/cmr/m/n/10 ,
 []


Underfull \hbox (badness 10000) in paragraph at lines 645--646
\T1/cmr/m/it/10 ASF/-
 []


Underfull \hbox (badness 10000) in paragraph at lines 646--647
[]\T1/cmr/m/n/10 Domini
 []


Underfull \hbox (badness 10000) in paragraph at lines 654--654
 \T1/cmr/bx/n/10 4.6.3.6.4 Fat-to-ri
 []


Underfull \hbox (badness 10000) in paragraph at lines 656--657
[]\T1/cmr/m/it/10 RNA bin-ding
 []


Underfull \hbox (badness 10000) in paragraph at lines 656--657
\T1/cmr/m/it/10 pro-tein\T1/cmr/m/n/10 : re-go-
 []


Underfull \hbox (badness 10000) in paragraph at lines 670--671
\T1/cmr/m/n/10 ching bin-
 []


Underfull \hbox (badness 10000) in paragraph at lines 671--672
[]\T1/cmr/m/it/10 U2AF65\T1/cmr/m/n/10 :
 []


Underfull \hbox (badness 10000) in paragraph at lines 671--672
\T1/cmr/m/n/10 si-to ac-cet-
 []


Underfull \hbox (badness 10000) in paragraph at lines 671--672
\T1/cmr/m/n/10 to-re poli-
 []


Overfull \hbox (1.10938pt too wide) in paragraph at lines 671--672
\T1/cmr/m/n/10 pirimidinico. 
 []


Underfull \hbox (badness 10000) in paragraph at lines 672--673
[]\T1/cmr/m/it/10 U2AF35\T1/cmr/m/n/10 :
 []


Underfull \hbox (badness 10000) in paragraph at lines 672--673
\T1/cmr/m/n/10 ri-co-no-sce
 []


Underfull \hbox (badness 10000) in paragraph at lines 672--673
\T1/cmr/m/n/10 pas-sag-gio
 []


Underfull \hbox (badness 10000) in paragraph at lines 672--673
\T1/cmr/m/n/10 cet-to-re ed
 []


Underfull \hbox (badness 10000) in paragraph at lines 675--678
[]\T1/cmr/m/n/10 Complesso $\OML/cmm/m/it/10 B\OT1/cmr/m/n/10 1$\T1/cmr/m/n/10 
:
 []


Underfull \hbox (badness 10000) in paragraph at lines 675--678
\T1/cmr/m/n/10 av-vi-ci-na-men-to
 []


Underfull \hbox (badness 10000) in paragraph at lines 675--678
\T1/cmr/m/it/10 U5-U6 \T1/cmr/m/n/10 re-clu-ta-
 []


Underfull \hbox (badness 10000) in paragraph at lines 678--679
[]\T1/cmr/m/n/10 Complesso $\OML/cmm/m/it/10 B\OT1/cmr/m/n/10 2$\T1/cmr/m/n/10 
:
 []


Underfull \hbox (badness 10000) in paragraph at lines 678--679
\T1/cmr/m/n/10 e \T1/cmr/m/it/10 U6 \T1/cmr/m/n/10 in-te-ra-gi-
 []


Underfull \hbox (badness 10000) in paragraph at lines 679--680
[]\T1/cmr/m/n/10 Complesso $\OML/cmm/m/it/10 B[]$\T1/cmr/m/n/10 :
 []


Underfull \hbox (badness 10000) in paragraph at lines 679--680
\T1/cmr/m/n/10 (ini-bi-to-re), \T1/cmr/m/it/10 U2
 []


Underfull \hbox (badness 10000) in paragraph at lines 679--680
\T1/cmr/m/n/10 in-te-ra-gi-sce con
 []


Underfull \hbox (badness 10000) in paragraph at lines 679--680
\T1/cmr/m/n/10 tac-co nu-cleo-fi-lo
 []


Underfull \hbox (badness 10000) in paragraph at lines 680--681
[]\T1/cmr/m/n/10 Complesso $\OML/cmm/m/it/10 C\OT1/cmr/m/n/10 1$\T1/cmr/m/n/10 
:
 []


Underfull \hbox (badness 10000) in paragraph at lines 681--682
[]\T1/cmr/m/n/10 Complesso $\OML/cmm/m/it/10 C\OT1/cmr/m/n/10 2$\T1/cmr/m/n/10 
:
 []


Underfull \hbox (badness 5741) in paragraph at lines 681--682
\T1/cmr/m/n/10 do at-tac-co nu-
 []


Underfull \hbox (badness 10000) in paragraph at lines 682--683
[]\T1/cmr/m/n/10 RNA ma-tu-ro:
 []


Underfull \hbox (badness 5490) in paragraph at lines 682--683
\T1/cmr/m/n/10 ven-go-no ri-mos-si
 []

[46]
Underfull \hbox (badness 5862) in paragraph at lines 696--697
 \T1/cmr/bx/n/10 4.6.3.6.7.1 Tas-so di mo-vi-men-to[] \T1/cmr/m/n/10 IL
 []


Underfull \hbox (badness 10000) in paragraph at lines 712--713
 \T1/cmr/bx/n/10 4.6.3.7.1.2 Ge-ne frui-tless[] \T1/cmr/m/n/10 Dif-fe-ren-ze
 []

[47]
Underfull \hbox (badness 10000) in paragraph at lines 737--738
[]\T1/cmr/m/n/10 Influenzare lo
 []


Underfull \hbox (badness 10000) in paragraph at lines 742--743
\T1/cmr/m/n/10 rai-bi-li-tà del-
 []


Underfull \hbox (badness 10000) in paragraph at lines 742--743
\T1/cmr/m/n/10 l'e-spres-sio-ne
 []


Underfull \hbox (badness 10000) in paragraph at lines 774--776
 \T1/cmr/bx/n/10 4.6.4.4.2 Neu-ro-fi-bro-ma-to-si[] \T1/cmr/m/n/10 La neu-ro-fi
-
 []

[48]
Underfull \hbox (badness 5161) in paragraph at lines 793--794
[]\T1/cmr/m/n/10 Domini per le-
 []

) (./Chapters/05_TrasportoLocalizzazioneRNA.tex [49]
Capitolo 5.

Underfull \hbox (badness 10000) in paragraph at lines 24--25
[]\T1/cmr/m/it/10 CaMKII$\OML/cmm/m/it/10 $\T1/cmr/m/n/10 :
 []


Overfull \hbox (7.02068pt too wide) in paragraph at lines 24--25
\OML/cmm/m/it/10 Ca[]$\T1/cmr/m/n/10 /Calmodulin-
 []


Overfull \hbox (15.97256pt too wide) in paragraph at lines 25--26
[]\T1/cmr/m/it/10 MAP2\T1/cmr/m/n/10 : microtubule-
 []


Underfull \hbox (badness 10000) in paragraph at lines 25--26
\T1/cmr/m/n/10 associated pro-
 []


Underfull \hbox (badness 10000) in paragraph at lines 26--27
[]\T1/cmr/m/it/10 BDNF\T1/cmr/m/n/10 : brain-
 []


Underfull \hbox (badness 10000) in paragraph at lines 27--28
[]\T1/cmr/m/it/10 IP3R\T1/cmr/m/n/10 : ino-si-
 []


Underfull \hbox (badness 10000) in paragraph at lines 27--28
\T1/cmr/m/n/10 tol tri-pho-spha-
 []


Underfull \hbox (badness 10000) in paragraph at lines 27--28
\T1/cmr/m/n/10 re-cet-to-re per
 []


Underfull \hbox (badness 10000) in paragraph at lines 29--30
[]\T1/cmr/m/it/10 Are\T1/cmr/m/n/10 : ac-ti-vi-
 []


Underfull \hbox (badness 10000) in paragraph at lines 29--30
\T1/cmr/m/n/10 ty re-ge-la-ted
 []


Underfull \hbox (badness 10000) in paragraph at lines 29--30
\T1/cmr/m/n/10 cytoskeleton-
 []


Underfull \hbox (badness 10000) in paragraph at lines 29--30
\T1/cmr/m/n/10 associated pro-
 []


Underfull \hbox (badness 10000) in paragraph at lines 29--30
\T1/cmr/m/n/10 tein, pro-tei-
 []


Underfull \hbox (badness 5592) in paragraph at lines 29--30
\T1/cmr/m/n/10 ne as-so-cia-te al
 []


Underfull \hbox (badness 10000) in paragraph at lines 30--31
[]\T1/cmr/m/it/10 FMRP\T1/cmr/m/n/10 : fra-gi-
 []


Underfull \hbox (badness 10000) in paragraph at lines 30--31
\T1/cmr/m/n/10 le $\OML/cmm/m/it/10 X$ \T1/cmr/m/n/10 men-tal
 []

[50]
Underfull \hbox (badness 10000) in paragraph at lines 61--62
[]\T1/cmr/m/it/10 DTE \T1/cmr/m/n/10 den-dri-
 []


Underfull \hbox (badness 10000) in paragraph at lines 61--62
\T1/cmr/m/n/10 tes tar-ge-ting
 []


Underfull \hbox (badness 6332) in paragraph at lines 63--64
[]\T1/cmr/m/it/10 MLS \T1/cmr/m/n/10 mi-to-chon-
 []


Underfull \hbox (badness 10000) in paragraph at lines 74--75
[]\T1/cmr/m/it/10 hnRNP\T1/cmr/m/n/10 : he-te-
 []


Underfull \hbox (badness 10000) in paragraph at lines 74--75
\T1/cmr/m/n/10 ro-ge-neus nu-
 []


Underfull \hbox (badness 10000) in paragraph at lines 75--76
[]\T1/cmr/m/it/10 ZBP\T1/cmr/m/n/10 : zi-p-co-de
 []


Underfull \hbox (badness 10000) in paragraph at lines 76--77
[]\T1/cmr/m/it/10 RMRP\T1/cmr/m/n/10 : fra-
 []


Underfull \hbox (badness 10000) in paragraph at lines 76--77
\T1/cmr/m/n/10 gi-le men-tal
 []


Underfull \hbox (badness 10000) in paragraph at lines 76--77
\T1/cmr/m/n/10 re-tar-da-tion
 []


Underfull \hbox (badness 10000) in paragraph at lines 85--89
 \T1/cmr/bx/n/10 5.3.1.2.2.1 \T1/cmr/bx/it/10 mStau-fen1[] \T1/cmr/m/it/10 mSta
u-fen1 \T1/cmr/m/n/10 è
 []


Underfull \hbox (badness 10000) in paragraph at lines 91--94
 \T1/cmr/bx/n/10 5.3.1.2.2.2 \T1/cmr/bx/it/10 mStau-fen2[] \T1/cmr/m/it/10 mSta
u-fen2 \T1/cmr/m/n/10 lo-
 []

) (./Chapters/06_Traduzione.tex [51] [52]
Capitolo 6.

Underfull \hbox (badness 8132) in paragraph at lines 44--45
\T1/cmr/m/n/10 di usci-
 []


Underfull \hbox (badness 10000) in paragraph at lines 44--45
\T1/cmr/m/n/10 ri-la-scio
 []


Underfull \hbox (badness 10000) in paragraph at lines 45--46
\T1/cmr/m/n/10 pep-ti-di-
 []


Underfull \hbox (badness 10000) in paragraph at lines 45--46
\T1/cmr/m/n/10 te-si del
 []


Underfull \hbox (badness 10000) in paragraph at lines 45--46
\T1/cmr/m/n/10 le-ga-me
 []


Underfull \hbox (badness 10000) in paragraph at lines 45--46
\T1/cmr/m/n/10 pep-ti-di-
 []


Underfull \hbox (badness 10000) in paragraph at lines 46--47
\T1/cmr/m/n/10 ac-cet-to-
 []


Underfull \hbox (badness 10000) in paragraph at lines 46--47
\T1/cmr/m/n/10 re per
 []


Underfull \hbox (badness 10000) in paragraph at lines 46--47
\T1/cmr/m/n/10 l'en-tra-
 []


Underfull \hbox (badness 10000) in paragraph at lines 46--47
\T1/cmr/m/n/10 ta del
 []


Underfull \hbox (badness 5175) in paragraph at lines 66--68
\T1/cmr/m/n/10 mia-li. Que-sti
 []


Underfull \hbox (badness 5711) in paragraph at lines 68--70
\T1/cmr/m/n/10 dei fat-to-ri non
 []

[53]
Underfull \hbox (badness 10000) in paragraph at lines 85--86
[]\T1/cmr/m/n/10 Catalizzano la
 []


Underfull \hbox (badness 10000) in paragraph at lines 85--86
\T1/cmr/m/n/10 for-ma-zio-ne del
 []


Underfull \hbox (badness 10000) in paragraph at lines 107--108
[]\T1/cmr/m/n/10 Braccio ac-cet-
 []


Underfull \hbox (badness 10000) in paragraph at lines 107--108
\T1/cmr/m/n/10 to-re: tra-spor-
 []


Underfull \hbox (badness 10000) in paragraph at lines 107--108
\T1/cmr/m/n/10 ta l'am-mi-noa-ci-
 []


Underfull \hbox (badness 10000) in paragraph at lines 107--108
\T1/cmr/m/n/10 ter-mi-na-le do-ve
 []


Underfull \hbox (badness 7667) in paragraph at lines 109--110
\T1/cmr/m/n/10 te il ri-co-no-sci-
 []


Underfull \hbox (badness 10000) in paragraph at lines 110--111
\T1/cmr/m/n/10 pseu-dou-ri-di-na,
 []


Underfull \hbox (badness 6396) in paragraph at lines 110--111
\T1/cmr/m/n/10 for-ma un an-sa
 []


Underfull \hbox (badness 10000) in paragraph at lines 110--111
\T1/cmr/m/n/10 mo-di-fi-che post-
 []


Underfull \hbox (badness 10000) in paragraph at lines 128--129
[]
 []


Overfull \hbox (24.10353pt too wide) in paragraph at lines 128--129
\T1/cmr/m/n/10 Amminoacido. 
 []

[54]
Underfull \hbox (badness 10000) in paragraph at lines 169--170
[]\T1/cmr/m/it/10 IF2 \T1/cmr/m/n/10 re-clu-ta
 []


Underfull \hbox (badness 10000) in paragraph at lines 169--170
\T1/cmr/m/it/10 met$\OML/cmm/m/it/10 tRNA[]$ \T1/cmr/m/n/10 e
 []


Underfull \hbox (badness 6893) in paragraph at lines 170--171
\T1/cmr/m/n/10 mR-NA, su-bu-ni-
 []


Underfull \hbox (badness 10000) in paragraph at lines 170--171
\T1/cmr/m/n/10 ni-na for-mi-la-ta,
 []


Underfull \hbox (badness 10000) in paragraph at lines 172--173
[]\T1/cmr/m/it/10 IF2 \T1/cmr/m/n/10 vie-ne ri-
 []


Underfull \hbox (badness 10000) in paragraph at lines 185--186
[]\T1/cmr/m/it/10 eIF4E\T1/cmr/m/n/10 :
 []


Underfull \hbox (badness 10000) in paragraph at lines 185--186
\T1/cmr/m/n/10 ri-co-no-
 []


Underfull \hbox (badness 10000) in paragraph at lines 185--186
\T1/cmr/m/n/10 sci-men-to
 []


Underfull \hbox (badness 10000) in paragraph at lines 187--188
[]\T1/cmr/m/it/10 eIF4F\T1/cmr/m/n/10 :
 []


Underfull \hbox (badness 10000) in paragraph at lines 187--188
\T1/cmr/m/n/10 com-po-
 []


Underfull \hbox (badness 10000) in paragraph at lines 187--188
\T1/cmr/m/n/10 sto da
 []


Underfull \hbox (badness 10000) in paragraph at lines 194--195
\T1/cmr/m/it/10 met$\OML/cmm/m/it/10 tRNA[]$\T1/cmr/m/n/10 ,
 []


Underfull \hbox (badness 10000) in paragraph at lines 194--195
\T1/cmr/m/it/10 eIF2 \T1/cmr/m/n/10 e \T1/cmr/m/it/10 GTP\T1/cmr/m/n/10 ,
 []


Underfull \hbox (badness 10000) in paragraph at lines 194--195
\T1/cmr/m/n/10 su-bu-ni-tà mi-no-
 []


Underfull \hbox (badness 10000) in paragraph at lines 194--195
\T1/cmr/m/n/10 re, mR-NA e
 []


Underfull \hbox (badness 10000) in paragraph at lines 195--196
[]\T1/cmr/m/it/10 eIF4B \T1/cmr/m/n/10 pos-sie-
 []


Underfull \hbox (badness 6125) in paragraph at lines 195--196
\T1/cmr/m/n/10 de un do-mi-nio
 []


Underfull \hbox (badness 10000) in paragraph at lines 195--196
\T1/cmr/m/n/10 sol-ve strut-tu-re
 []


Underfull \hbox (badness 10000) in paragraph at lines 195--196
\T1/cmr/m/n/10 se-con-da-rie nel
 []


Underfull \hbox (badness 10000) in paragraph at lines 196--197
[]\T1/cmr/m/n/10 Il com-ples-so
 []


Overfull \hbox (7.25989pt too wide) in paragraph at lines 196--197
\T1/cmr/m/it/10 RNAeIF4F$\OT1/cmr/m/n/10 +$\T1/cmr/m/it/10 eIF4B
 []


Underfull \hbox (badness 6125) in paragraph at lines 196--197
\T1/cmr/m/n/10 man-do il com-
 []


Underfull \hbox (badness 5008) in paragraph at lines 198--199
\T1/cmr/m/n/10 co-no-sci-men-to di
 []

[55]
Underfull \hbox (badness 10000) in paragraph at lines 237--238
 \T1/cmr/bx/n/10 6.2.2.2.1 Ri-co-no-sci-men-to del tR-NA[]
 []

[56]
Underfull \hbox (badness 10000) in paragraph at lines 274--275
[]\T1/cmr/m/it/10 EGTA\T1/cmr/m/n/10 : agen-te
 []


Underfull \hbox (badness 10000) in paragraph at lines 274--275
\T1/cmr/m/n/10 so-cia-re le due
 []


Underfull \hbox (badness 10000) in paragraph at lines 275--276
[]\T1/cmr/m/n/10 CLicloesimide:
 []


Underfull \hbox (badness 10000) in paragraph at lines 275--276
\T1/cmr/m/n/10 an-ti-bio-ti-co che
 []


Underfull \hbox (badness 10000) in paragraph at lines 277--278
[]\T1/cmr/m/n/10 Sostanze che
 []

) (./Chapters/07_SegnalazioneCellulare.tex [57]
Capitolo 7.

Overfull \hbox (191.81152pt too wide) in paragraph at lines 42--55
 [][] 
 []

[58]
Underfull \hbox (badness 10000) in paragraph at lines 86--88
[]\T1/cmr/m/n/10 L'enzima \T1/cmr/m/it/10 ace-ti
 []


Underfull \hbox (badness 10000) in paragraph at lines 86--88
\T1/cmr/m/n/10 cen-do ae-til-co-li-
 []


Underfull \hbox (badness 10000) in paragraph at lines 86--88
\T1/cmr/m/n/10 vie-ne in-tro-dot-
 []


Underfull \hbox (badness 10000) in paragraph at lines 88--89
[]\T1/cmr/m/n/10 L'acetilcolina
 []


Underfull \hbox (badness 10000) in paragraph at lines 88--89
\T1/cmr/m/n/10 vie-ne pom-pa-
 []


Underfull \hbox (badness 10000) in paragraph at lines 89--90
\T1/cmr/m/n/10 go-no ri-la-scia-
 []


Underfull \hbox (badness 10000) in paragraph at lines 89--90
\T1/cmr/m/n/10 te dal neu-ro-
 []


Underfull \hbox (badness 10000) in paragraph at lines 90--91
[]\T1/cmr/m/n/10 L'acetilcolina si
 []


Underfull \hbox (badness 7238) in paragraph at lines 90--91
\T1/cmr/m/n/10 al-la tra-sdu-zio-ne
 []


Underfull \hbox (badness 10000) in paragraph at lines 91--92
[]\T1/cmr/m/n/10 L'acetilcolina
 []


Underfull \hbox (badness 8000) in paragraph at lines 91--92
\T1/cmr/m/n/10 vie-ne scis-sa in
 []


Underfull \hbox (badness 10000) in paragraph at lines 91--92
\T1/cmr/m/n/10 co-li-na at-tra-ver-
 []


Underfull \hbox (badness 10000) in paragraph at lines 91--92
\T1/cmr/m/n/10 ra-si che vie-ne
 []

[59]
Underfull \hbox (badness 5388) in paragraph at lines 145--146
\T1/cmr/m/n/10 Si in-ten-de per mes-sag-ge-ri le mo-le-co-le di
 []


Underfull \hbox (badness 10000) in paragraph at lines 157--158
[]\T1/cmr/m/n/10 L'acetilcolina si
 []


Underfull \hbox (badness 10000) in paragraph at lines 157--158
\T1/cmr/m/n/10 lu-la en-do-te-lia-le
 []


Underfull \hbox (badness 7326) in paragraph at lines 157--158
\T1/cmr/m/n/10 che sin-te-tiz-za-no
 []


Underfull \hbox (badness 5787) in paragraph at lines 158--159
\T1/cmr/m/n/10 pro-dot-to dif-fon-
 []


Underfull \hbox (badness 10000) in paragraph at lines 160--161
[]\T1/cmr/m/n/10 L'aumento di
 []


Underfull \hbox (badness 6758) in paragraph at lines 160--161
\T1/cmr/m/it/10 cGMP \T1/cmr/m/n/10 de-ter-mi-
 []

[60]
Underfull \hbox (badness 6927) in paragraph at lines 183--184
\T1/cmr/m/n/10 da un'e-pi-de di
 []


Underfull \hbox (badness 6348) in paragraph at lines 215--216
\T1/cmr/m/n/10 en-do-ci-to-si, l'as-
 []


Underfull \hbox (badness 10000) in paragraph at lines 216--217
[]\T1/cmr/m/n/10 Down-regulation:
 []


Underfull \hbox (badness 10000) in paragraph at lines 216--217
\T1/cmr/m/n/10 que-sto pro-
 []


Underfull \hbox (badness 10000) in paragraph at lines 216--217
\T1/cmr/m/n/10 ces-so av-vie-
 []


Underfull \hbox (badness 10000) in paragraph at lines 216--217
\T1/cmr/m/n/10 ne at-tra-ver-so
 []


Underfull \hbox (badness 10000) in paragraph at lines 219--220
[]\T1/cmr/m/n/10 Produzione di
 []

[61] [62] [63] [64] [65] [66] [67]
Underfull \hbox (badness 6493) in paragraph at lines 416--416
[]\T1/cmr/bx/n/14.4 Recettori del si-ste-ma
 []

[68] [69] [70] [71] [72]) (./Chapters/08_Membrana.tex [73] [74]
Capitolo 8.
) (./Chapters/09_Organelli.tex [75] [76]
Capitolo 9.
[77] [78] [79] [80] [81] [82] [83] [84] [85] [86] [87] [88] [89] [90] [91]
[92] [93] [94] [95] [96]) (./Chapters/10_Citoscheletro.tex [97]
Capitolo 10.
[98] [99] [100] [101] [102] [103] [104]) (./Chapters/11_Laboratorio.tex
[105] [106]
Capitolo 11.
[107] [108]
Underfull \hbox (badness 10000) in paragraph at lines 111--113
 \T1/cmr/bx/n/10 11.1.5.2.1 Trom-bo-ci-to-pe-nia[] \T1/cmr/m/n/10 Si in-ten-de
 []


Underfull \hbox (badness 6842) in paragraph at lines 124--125
 \T1/cmr/bx/n/10 11.1.5.3.1.1 For-mu-la leu-co-ci-ta-ria[] \T1/cmr/m/n/10 Si
 []


Overfull \hbox (49.6255pt too wide) in paragraph at lines 126--141
 [] 
 []


Underfull \hbox (badness 10000) in paragraph at lines 144--148
 \T1/cmr/bx/n/10 11.1.5.3.1.2 In-for-ma-zio-ni ot-te-ni-bi-li[]
 []


Underfull \hbox (badness 5064) in paragraph at lines 171--172
[]\T1/cmr/m/n/10 Infezioni cro-mi-che co-me AIDS e
 []

[109]
Underfull \hbox (badness 6927) in paragraph at lines 194--196
\T1/cmr/m/n/10 no-ci-ti nel san-gue. Si ve-ri-fi-ca in ca-so
 []

[110]
Underfull \hbox (badness 10000) in paragraph at lines 253--255
 \T1/cmr/bx/n/10 11.1.5.3.6.1 Eo-si-no-pe-nia[] \T1/cmr/m/n/10 La ca-ren-za
 []


Underfull \hbox (badness 10000) in paragraph at lines 257--259
 \T1/cmr/bx/n/10 11.1.5.3.6.2 Eo-si-no-fi-lia[] \T1/cmr/m/n/10 Un au-men-to
 []


Overfull \hbox (57.87198pt too wide) in paragraph at lines 261--280
 [] 
 []

[111]
Underfull \hbox (badness 5288) in paragraph at lines 329--330
\T1/cmr/m/n/10 estrar-re le pro-tei-ne, di-stru-zio-ne del-le
 []

[112]
Underfull \hbox (badness 10000) in paragraph at lines 375--376
[]\T1/cmr/m/n/10 Immediato svi-
 []


Underfull \hbox (badness 10000) in paragraph at lines 375--376
\T1/cmr/m/n/10 lup-po del
 []


Underfull \hbox (badness 10000) in paragraph at lines 376--377
[]\T1/cmr/m/n/10 Complesso sta-
 []


Underfull \hbox (badness 6252) in paragraph at lines 376--377
\T1/cmr/m/n/10 bi-le (os-ser-va-zio-
 []


Underfull \hbox (badness 6364) in paragraph at lines 376--377
\T1/cmr/m/n/10 ne pos-si-bi-le fi-
 []


Underfull \hbox (badness 10000) in paragraph at lines 378--379
[]\T1/cmr/m/n/10 Compatibilità
 []


Underfull \hbox (badness 10000) in paragraph at lines 378--379
\T1/cmr/m/n/10 gua-ni-di-na \T1/cmr/m/it/10 HCl
 []


Underfull \hbox (badness 10000) in paragraph at lines 385--386
[]\T1/cmr/m/n/10 Molte pro-tei-ne
 []


Underfull \hbox (badness 10000) in paragraph at lines 414--415
\T1/cmr/m/n/10 con-cen-tra-zio-ne
 []

[113] [114] [115]
Underfull \hbox (badness 8151) in paragraph at lines 542--543
[]\T1/cmr/m/n/10 Normale fi-sio-lo-
 []


Underfull \hbox (badness 10000) in paragraph at lines 558--559
[]\T1/cmr/m/n/10 Sali inor-ga-ni-
 []


Underfull \hbox (badness 10000) in paragraph at lines 558--559
\T1/cmr/m/n/10 sio-ne cel-lu-la-re,
 []


Underfull \hbox (badness 10000) in paragraph at lines 558--559
\T1/cmr/m/n/10 man-te-ni-men-to
 []


Underfull \hbox (badness 5008) in paragraph at lines 561--562
\T1/cmr/m/n/10 la pro-li-fe-ra-zio-ne
 []

[116]
Underfull \hbox (badness 5847) in paragraph at lines 603--604
[]\T1/cmr/m/n/10 Piastra di col-tu-ra con chiu-su-ra non
 []


Underfull \hbox (badness 7030) in paragraph at lines 611--612
[]\T1/cmr/m/n/10 Tubi da $\OT1/cmr/m/n/10 50$ \T1/cmr/m/n/10 e
 []


Underfull \hbox (badness 10000) in paragraph at lines 616--617
[]\T1/cmr/m/n/10 Micropipette a
 []

[117]
Underfull \hbox (badness 10000) in paragraph at lines 643--645
 \T1/cmr/bx/n/10 11.3.10.3.1 Con-ta-mi-na-zio-ni chi-mi-che[]
 []


Underfull \hbox (badness 10000) in paragraph at lines 647--651
 \T1/cmr/bx/n/10 11.3.10.3.2 Con-ta-mi-na-zio-ni bio-lo-gi-che[]
 []


Underfull \hbox (badness 10000) in paragraph at lines 653--657
 \T1/cmr/bx/n/10 11.3.10.3.3 Evi-ta-re con-ta-mi-na-zio-ni[] \T1/cmr/m/n/10 La
 []


Underfull \hbox (badness 10000) in paragraph at lines 660--661
[]\T1/cmr/m/n/10 Disinfettare
 []


Underfull \hbox (badness 10000) in paragraph at lines 660--661
\T1/cmr/m/n/10 i guan-ti con
 []


Underfull \hbox (badness 10000) in paragraph at lines 661--662
[]\T1/cmr/m/n/10 Disinfettare la
 []


Underfull \hbox (badness 8056) in paragraph at lines 664--665
[]\T1/cmr/m/n/10 Usare ma-te-ria-le
 []


Underfull \hbox (badness 10000) in paragraph at lines 665--666
[]\T1/cmr/m/n/10 Aprire pi-pet-te,
 []


Underfull \hbox (badness 10000) in paragraph at lines 667--668
[]\T1/cmr/m/n/10 Richiudere ogni
 []


Underfull \hbox (badness 10000) in paragraph at lines 667--668
\T1/cmr/m/n/10 con-te-ni-to-re con
 []


Underfull \hbox (badness 10000) in paragraph at lines 668--669
[]\T1/cmr/m/n/10 Utilizzare an-
 []


Underfull \hbox (badness 10000) in paragraph at lines 668--669
\T1/cmr/m/n/10 ti-bio-ti-ci nel
 []

[118]
Underfull \hbox (badness 5331) in paragraph at lines 720--721
[]\T1/cmr/m/n/10 Raccogliere la so-spen-sio-ne cel-lu-la-re e
 []


Overfull \hbox (31.40375pt too wide) detected at line 725
\OML/cmm/m/it/10 numero medio cellule \OMS/cmsy/m/n/10 ^^A \OML/cmm/m/it/10 fat
tore di diluizione \OMS/cmsy/m/n/10 ^^A [][][]
 []

[119]
Underfull \hbox (badness 10000) in paragraph at lines 765--766
 \T1/cmr/bx/n/10 11.4.1.1.1 Strut-tu-ra[] \T1/cmr/m/n/10 Con-ten-go-no ti-pi-ca
-
 []


Underfull \hbox (badness 10000) in paragraph at lines 769--769
 \T1/cmr/bx/n/10 11.4.1.1.2 Van-tag-
 []


Underfull \hbox (badness 10000) in paragraph at lines 776--776
 \T1/cmr/bx/n/10 11.4.1.1.3 Svan-
 []

[120]
Underfull \hbox (badness 10000) in paragraph at lines 822--823
\T1/cmr/m/n/10 dot-te dal-l'in-sie-
 []


Underfull \hbox (badness 7308) in paragraph at lines 822--823
\T1/cmr/m/n/10 me o pool di
 []


Underfull \hbox (badness 10000) in paragraph at lines 822--823
\T1/cmr/m/n/10 ri-bo-so-mi del-la
 []


Underfull \hbox (badness 10000) in paragraph at lines 824--825
[]\T1/cmr/m/n/10 Controllo e
 []


Underfull \hbox (badness 10000) in paragraph at lines 824--825
\T1/cmr/m/n/10 de-gra-da-zio-ne
 []


Underfull \hbox (badness 10000) in paragraph at lines 824--825
\T1/cmr/m/n/10 di pro-tei-ne
 []


Underfull \hbox (badness 5446) in paragraph at lines 825--826
[]\T1/cmr/m/n/10 Riserva di io-ni
 []


Underfull \hbox (badness 5490) in paragraph at lines 825--826
\T1/cmr/m/n/10 cal-cio, uti-le in
 []


Underfull \hbox (badness 10000) in paragraph at lines 825--826
\T1/cmr/m/n/10 zio-ne, apop-to-
 []


Underfull \hbox (badness 7963) in paragraph at lines 825--826
\T1/cmr/m/n/10 pro-ces-si cel-lu-la-
 []


Underfull \hbox (badness 10000) in paragraph at lines 826--827
[]\T1/cmr/m/n/10 Detossificazione
 []


Underfull \hbox (badness 10000) in paragraph at lines 826--827
\T1/cmr/m/n/10 di so-stan-ze
 []


Underfull \hbox (badness 10000) in paragraph at lines 826--827
\T1/cmr/m/n/10 ester-ne co-me
 []

[121]
Underfull \hbox (badness 7238) in paragraph at lines 877--878
\T1/cmr/m/n/10 bra-na pla-sma-ti-
 []


Underfull \hbox (badness 10000) in paragraph at lines 879--880
[]\T1/cmr/m/n/10 È re-spon-sa-bi-le
 []


Underfull \hbox (badness 10000) in paragraph at lines 879--880
\T1/cmr/m/n/10 del mo-vi-men-to
 []


Underfull \hbox (badness 5345) in paragraph at lines 879--880
\T1/cmr/m/n/10 cel-lu-la-re e del-
 []


Underfull \hbox (badness 7151) in paragraph at lines 879--880
\T1/cmr/m/n/10 l'e-sten-sio-ne del-
 []


Underfull \hbox (badness 10000) in paragraph at lines 879--880
\T1/cmr/m/n/10 le pro-tru-sio-ni
 []

) [122] [123] (./build/Principal.aux)
Package rerunfilecheck Info: File `Principal.out' has not changed.
(rerunfilecheck)             Checksum: 3E569841B5DB0873F13CCA30C52F975D;16028.
 ) 
Here is how much of TeX's memory you used:
 17214 strings out of 479383
 299408 string characters out of 5875829
 727791 words of memory out of 5000000
 33054 multiletter control sequences out of 15000+600000
 428190 words of font info for 82 fonts, out of 8000000 for 9000
 1141 hyphenation exceptions out of 8191
 84i,16n,87p,372b,1141s stack positions out of 5000i,500n,10000p,200000b,80000s
{/usr/share/texmf-dist/fonts/enc/dvips/cm-super/cm-super-ts1.enc}{/usr/share/
texmf-dist/fonts/enc/dvips/cm-super/cm-super-t1.enc}</usr/share/texmf-dist/font
s/type1/public/amsfonts/cm/cmbx10.pfb></usr/share/texmf-dist/fonts/type1/public
/amsfonts/cm/cmbx12.pfb></usr/share/texmf-dist/fonts/type1/public/amsfonts/cm/c
mmi10.pfb></usr/share/texmf-dist/fonts/type1/public/amsfonts/cm/cmmi7.pfb></usr
/share/texmf-dist/fonts/type1/public/amsfonts/cm/cmr10.pfb></usr/share/texmf-di
st/fonts/type1/public/amsfonts/cm/cmr7.pfb></usr/share/texmf-dist/fonts/type1/p
ublic/amsfonts/cm/cmsy10.pfb></usr/share/texmf-dist/fonts/type1/public/amsfonts
/cm/cmsy7.pfb></usr/share/texmf-dist/fonts/type1/public/cm-super/sfbi1000.pfb><
/usr/share/texmf-dist/fonts/type1/public/cm-super/sfbi1200.pfb></usr/share/texm
f-dist/fonts/type1/public/cm-super/sfbx0700.pfb></usr/share/texmf-dist/fonts/ty
pe1/public/cm-super/sfbx0900.pfb></usr/share/texmf-dist/fonts/type1/public/cm-s
uper/sfbx1000.pfb></usr/share/texmf-dist/fonts/type1/public/cm-super/sfbx1200.p
fb></usr/share/texmf-dist/fonts/type1/public/cm-super/sfbx1440.pfb></usr/share/
texmf-dist/fonts/type1/public/cm-super/sfbx2074.pfb></usr/share/texmf-dist/font
s/type1/public/cm-super/sfbx2488.pfb></usr/share/texmf-dist/fonts/type1/public/
cm-super/sfrm0700.pfb></usr/share/texmf-dist/fonts/type1/public/cm-super/sfrm09
00.pfb></usr/share/texmf-dist/fonts/type1/public/cm-super/sfrm1000.pfb></usr/sh
are/texmf-dist/fonts/type1/public/cm-super/sfrm1200.pfb></usr/share/texmf-dist/
fonts/type1/public/cm-super/sfti1000.pfb>
Output written on ./build/Principal.pdf (124 pages, 820177 bytes).
PDF statistics:
 2609 PDF objects out of 2984 (max. 8388607)
 2436 compressed objects within 25 object streams
 968 named destinations out of 1000 (max. 500000)
 1769 words of extra memory for PDF output out of 10000 (max. 10000000)

