\BOOKMARK [0][-]{chapter.1}{Esperimenti e metodi}{}% 1
\BOOKMARK [1][-]{section.1.1}{Microscopia}{chapter.1}% 2
\BOOKMARK [2][-]{subsection.1.1.1}{Tipi di microscopi}{section.1.1}% 3
\BOOKMARK [2][-]{subsection.1.1.2}{Tecniche di microscopia}{section.1.1}% 4
\BOOKMARK [1][-]{section.1.2}{Tecniche di laboratorio}{chapter.1}% 5
\BOOKMARK [2][-]{subsection.1.2.1}{Reazione a catena della polimerasi PCR}{section.1.2}% 6
\BOOKMARK [2][-]{subsection.1.2.2}{Elettroforesi}{section.1.2}% 7
\BOOKMARK [2][-]{subsection.1.2.3}{Blots}{section.1.2}% 8
\BOOKMARK [2][-]{subsection.1.2.4}{Tecniche di manipolazione del DNA}{section.1.2}% 9
\BOOKMARK [2][-]{subsection.1.2.5}{Cristallografia a raggi X}{section.1.2}% 10
\BOOKMARK [2][-]{subsection.1.2.6}{Altre che non so????}{section.1.2}% 11
\BOOKMARK [1][-]{section.1.3}{Figure importanti e loro lavori}{chapter.1}% 12
\BOOKMARK [2][-]{subsection.1.3.1}{Miescher}{section.1.3}% 13
\BOOKMARK [2][-]{subsection.1.3.2}{Mendel}{section.1.3}% 14
\BOOKMARK [2][-]{subsection.1.3.3}{Morgan}{section.1.3}% 15
\BOOKMARK [2][-]{subsection.1.3.4}{Griffith e Avery}{section.1.3}% 16
\BOOKMARK [2][-]{subsection.1.3.5}{Hershey e Chase}{section.1.3}% 17
\BOOKMARK [2][-]{subsection.1.3.6}{Watson e Crick}{section.1.3}% 18
\BOOKMARK [2][-]{subsection.1.3.7}{Mello e Fire}{section.1.3}% 19
\BOOKMARK [1][-]{section.1.4}{Caratteristiche delle cellule}{chapter.1}% 20
\BOOKMARK [2][-]{subsection.1.4.1}{Caratteristiche delle cellule}{section.1.4}% 21
\BOOKMARK [0][-]{chapter.2}{DNA e RNA}{}% 22
\BOOKMARK [1][-]{section.2.1}{Omologia tra geni}{chapter.2}% 23
\BOOKMARK [1][-]{section.2.2}{Struttura della cellula eucariotica}{chapter.2}% 24
\BOOKMARK [2][-]{subsection.2.2.1}{ER}{section.2.2}% 25
\BOOKMARK [2][-]{subsection.2.2.2}{Apparato di Golgi}{section.2.2}% 26
\BOOKMARK [2][-]{subsection.2.2.3}{Mitocondri}{section.2.2}% 27
\BOOKMARK [2][-]{subsection.2.2.4}{Lisosomi}{section.2.2}% 28
\BOOKMARK [2][-]{subsection.2.2.5}{Citoscheletro}{section.2.2}% 29
\BOOKMARK [1][-]{section.2.3}{Struttura del DNA}{chapter.2}% 30
\BOOKMARK [2][-]{subsection.2.3.1}{Modifiche dell'RNA}{section.2.3}% 31
\BOOKMARK [1][-]{section.2.4}{Struttura del DNA}{chapter.2}% 32
\BOOKMARK [1][-]{section.2.5}{Struttura dell'RNA}{chapter.2}% 33
\BOOKMARK [1][-]{section.2.6}{Interazioni tra basi}{chapter.2}% 34
\BOOKMARK [2][-]{subsection.2.6.1}{Temperatura di melting}{section.2.6}% 35
\BOOKMARK [1][-]{section.2.7}{Conformazioni particolari}{chapter.2}% 36
\BOOKMARK [2][-]{subsection.2.7.1}{Tripla elica}{section.2.7}% 37
\BOOKMARK [2][-]{subsection.2.7.2}{La struttura cruciforme}{section.2.7}% 38
\BOOKMARK [1][-]{section.2.8}{DNA superavvolto}{chapter.2}% 39
\BOOKMARK [2][-]{subsection.2.8.1}{Topoisomerasi}{section.2.8}% 40
\BOOKMARK [1][-]{section.2.9}{Modifiche post-traduzionali}{chapter.2}% 41
\BOOKMARK [2][-]{subsection.2.9.1}{Fosforilazione}{section.2.9}% 42
\BOOKMARK [2][-]{subsection.2.9.2}{Acetilazione}{section.2.9}% 43
\BOOKMARK [2][-]{subsection.2.9.3}{Metilazione}{section.2.9}% 44
\BOOKMARK [2][-]{subsection.2.9.4}{Ubiquitinazione}{section.2.9}% 45
\BOOKMARK [2][-]{subsection.2.9.5}{Sumoilazione}{section.2.9}% 46
\BOOKMARK [1][-]{section.2.10}{Come il DNA viene organizzato nel nucleo: cromatina}{chapter.2}% 47
\BOOKMARK [2][-]{subsection.2.10.1}{Cromatina}{section.2.10}% 48
\BOOKMARK [2][-]{subsection.2.10.2}{Istoni e prime fasi di compattamento del DNA}{section.2.10}% 49
\BOOKMARK [2][-]{subsection.2.10.3}{Sindrome di Rett}{section.2.10}% 50
\BOOKMARK [1][-]{section.2.11}{Struttura dell'RNA}{chapter.2}% 51
\BOOKMARK [0][-]{chapter.3}{Replicazione del DNA e il mantenimento dei telomeri}{}% 52
\BOOKMARK [1][-]{section.3.1}{Mutazioni}{chapter.3}% 53
\BOOKMARK [1][-]{section.3.2}{Modello di duplicazione}{chapter.3}% 54
\BOOKMARK [2][-]{subsection.3.2.1}{Modello semi-conservativo}{section.3.2}% 55
\BOOKMARK [2][-]{subsection.3.2.2}{Modello conservativo}{section.3.2}% 56
\BOOKMARK [2][-]{subsection.3.2.3}{Modello dispersivo}{section.3.2}% 57
\BOOKMARK [1][-]{section.3.3}{Lezione 7}{chapter.3}% 58
\BOOKMARK [2][-]{subsection.3.3.1}{Formazione del complesso di prereplicazione alle origini di replicazione}{section.3.3}% 59
\BOOKMARK [2][-]{subsection.3.3.2}{Istoni}{section.3.3}% 60
\BOOKMARK [2][-]{subsection.3.3.3}{Telomeri}{section.3.3}% 61
\BOOKMARK [1][-]{section.3.4}{Lezione 8}{chapter.3}% 62
\BOOKMARK [2][-]{subsection.3.4.1}{Mitocondri}{section.3.4}% 63
\BOOKMARK [0][-]{chapter.4}{Trascrizione}{}% 64
\BOOKMARK [1][-]{section.4.1}{Struttura delle RNA polimerasi}{chapter.4}% 65
\BOOKMARK [1][-]{section.4.2}{Inizio}{chapter.4}% 66
\BOOKMARK [2][-]{subsection.4.2.1}{Meccanismo di trascrizione}{section.4.2}% 67
\BOOKMARK [1][-]{section.4.3}{Allungamento}{chapter.4}% 68
\BOOKMARK [1][-]{section.4.4}{Terminazione}{chapter.4}% 69
\BOOKMARK [2][-]{subsection.4.4.1}{Terminazione in eucarioti}{section.4.4}% 70
\BOOKMARK [1][-]{section.4.5}{Trasporto nucleare}{chapter.4}% 71
\BOOKMARK [1][-]{section.4.6}{Lezione 10}{chapter.4}% 72
\BOOKMARK [2][-]{subsection.4.6.1}{Operone triptofano}{section.4.6}% 73
\BOOKMARK [0][-]{chapter.5}{Splicing}{}% 74
\BOOKMARK [1][-]{section.5.1}{Capping}{chapter.5}% 75
\BOOKMARK [1][-]{section.5.2}{Poliadenilazione}{chapter.5}% 76
\BOOKMARK [1][-]{section.5.3}{Splicing}{chapter.5}% 77
\BOOKMARK [1][-]{section.5.4}{Introni catalitici di gruppo 1}{chapter.5}% 78
\BOOKMARK [1][-]{section.5.5}{Introni autocatalici del gruppo 2}{chapter.5}% 79
\BOOKMARK [1][-]{section.5.6}{Introni spliceosomali del pre-mRNA nucleare}{chapter.5}% 80
\BOOKMARK [1][-]{section.5.7}{Minigeni}{chapter.5}% 81
\BOOKMARK [1][-]{section.5.8}{RNA editing}{chapter.5}% 82
\BOOKMARK [2][-]{subsection.5.8.1}{Editosoma}{section.5.8}% 83
\BOOKMARK [1][-]{section.5.9}{Essay per editing}{chapter.5}% 84
\BOOKMARK [0][-]{chapter.6}{Trasporto e localizzazione dell'RNA}{}% 85
\BOOKMARK [0][-]{chapter.7}{Traduzione}{}% 86
\BOOKMARK [1][-]{section.7.1}{Biogenesi dei ribosomi}{chapter.7}% 87
\BOOKMARK [0][-]{chapter.8}{Segnalazione cellulare: trasduzione del segnale}{}% 88
\BOOKMARK [1][-]{section.8.1}{Effetto dell'acetilcolina sul cuore}{chapter.8}% 89
\BOOKMARK [1][-]{section.8.2}{Recettori del sistema olfattivo}{chapter.8}% 90
\BOOKMARK [1][-]{section.8.3}{Trasduzione visiva}{chapter.8}% 91
\BOOKMARK [1][-]{section.8.4}{Lezione 16}{chapter.8}% 92
\BOOKMARK [1][-]{section.8.5}{Recettori ad attivit\340 enzimatica intrinseca}{chapter.8}% 93
\BOOKMARK [2][-]{subsection.8.5.1}{recettori associati a tirosina chinasi}{section.8.5}% 94
\BOOKMARK [0][-]{chapter.9}{Membrana}{}% 95
\BOOKMARK [0][-]{chapter.10}{Organelli}{}% 96
\BOOKMARK [1][-]{section.10.1}{Trafficking tra nucleo e citoplasma}{chapter.10}% 97
\BOOKMARK [2][-]{subsection.10.1.1}{Trasporto in mitocondri e plastidi}{section.10.1}% 98
\BOOKMARK [1][-]{section.10.2}{Perossisomi}{chapter.10}% 99
\BOOKMARK [1][-]{section.10.3}{Reticolo endoplasmatico}{chapter.10}% 100
\BOOKMARK [1][-]{section.10.4}{Traffico intracellulare di vescicole}{chapter.10}% 101
\BOOKMARK [1][-]{section.10.5}{Apparato del Golgi}{chapter.10}% 102
\BOOKMARK [1][-]{section.10.6}{Lisosomi}{chapter.10}% 103
\BOOKMARK [1][-]{section.10.7}{Endosomi}{chapter.10}% 104
\BOOKMARK [0][-]{chapter.11}{Citoscheletro}{}% 105
\BOOKMARK [1][-]{section.11.1}{Actina}{chapter.11}% 106
\BOOKMARK [1][-]{section.11.2}{Microtubuli}{chapter.11}% 107
\BOOKMARK [1][-]{section.11.3}{Filamenti intermedi}{chapter.11}% 108
\BOOKMARK [1][-]{section.11.4}{Movimento cellulare}{chapter.11}% 109
\BOOKMARK [0][-]{chapter.12}{Esperienza di laboratorio}{}% 110
\BOOKMARK [1][-]{section.12.1}{Seconda giornata}{chapter.12}% 111
\BOOKMARK [1][-]{section.12.2}{Laboratorio 3}{chapter.12}% 112
\BOOKMARK [1][-]{section.12.3}{Laboratorio 4}{chapter.12}% 113
